{"/Users/dovydasminauskas/Desktop/TF/src/App.tsx": {"path":"/Users/dovydasminauskas/Desktop/TF/src/App.tsx","statementMap":{"0":{"start":{"line":11,"column":29},"end":{"line":30,"column":1}},"1":{"start":{"line":12,"column":2},"end":{"line":29,"column":4}}},"fnMap":{"0":{"name":"(anonymous_0)","decl":{"start":{"line":11,"column":29},"end":{"line":11,"column":30}},"loc":{"start":{"line":11,"column":35},"end":{"line":30,"column":1}},"line":11}},"branchMap":{},"s":{"0":0,"1":0},"f":{"0":0},"b":{}}
,"/Users/dovydasminauskas/Desktop/TF/src/main.tsx": {"path":"/Users/dovydasminauskas/Desktop/TF/src/main.tsx","statementMap":{"0":{"start":{"line":6,"column":0},"end":{"line":10,"column":2}}},"fnMap":{},"branchMap":{},"s":{"0":0},"f":{},"b":{}}
,"/Users/dovydasminauskas/Desktop/TF/src/types.ts": {"path":"/Users/dovydasminauskas/Desktop/TF/src/types.ts","statementMap":{},"fnMap":{},"branchMap":{},"s":{},"f":{},"b":{}}
,"/Users/dovydasminauskas/Desktop/TF/src/vite-env.d.ts": {"path":"/Users/dovydasminauskas/Desktop/TF/src/vite-env.d.ts","statementMap":{},"fnMap":{},"branchMap":{},"s":{},"f":{},"b":{}}
,"/Users/dovydasminauskas/Desktop/TF/src/components/AppMonitor.tsx": {"path":"/Users/dovydasminauskas/Desktop/TF/src/components/AppMonitor.tsx","statementMap":{"0":{"start":{"line":6,"column":40},"end":{"line":23,"column":4}},"1":{"start":{"line":25,"column":34},"end":{"line":25,"column":56}},"2":{"start":{"line":27,"column":2},"end":{"line":39,"column":20}},"3":{"start":{"line":28,"column":21},"end":{"line":36,"column":13}},"4":{"start":{"line":29,"column":29},"end":{"line":29,"column":68}},"5":{"start":{"line":29,"column":55},"end":{"line":29,"column":67}},"6":{"start":{"line":30,"column":6},"end":{"line":35,"column":7}},"7":{"start":{"line":31,"column":8},"end":{"line":34,"column":11}},"8":{"start":{"line":31,"column":28},"end":{"line":34,"column":9}},"9":{"start":{"line":38,"column":4},"end":{"line":38,"column":41}},"10":{"start":{"line":38,"column":17},"end":{"line":38,"column":40}},"11":{"start":{"line":41,"column":2},"end":{"line":103,"column":4}},"12":{"start":{"line":53,"column":12},"end":{"line":67,"column":18}},"13":{"start":{"line":62,"column":31},"end":{"line":62,"column":86}},"14":{"start":{"line":62,"column":51},"end":{"line":62,"column":85}},"15":{"start":{"line":62,"column":73},"end":{"line":62,"column":84}},"16":{"start":{"line":74,"column":10},"end":{"line":90,"column":16}}},"fnMap":{"0":{"name":"AppMonitor","decl":{"start":{"line":5,"column":16},"end":{"line":5,"column":26}},"loc":{"start":{"line":5,"column":29},"end":{"line":104,"column":1}},"line":5},"1":{"name":"(anonymous_1)","decl":{"start":{"line":27,"column":12},"end":{"line":27,"column":13}},"loc":{"start":{"line":27,"column":18},"end":{"line":39,"column":3}},"line":27},"2":{"name":"(anonymous_2)","decl":{"start":{"line":28,"column":33},"end":{"line":28,"column":34}},"loc":{"start":{"line":28,"column":39},"end":{"line":36,"column":5}},"line":28},"3":{"name":"(anonymous_3)","decl":{"start":{"line":29,"column":48},"end":{"line":29,"column":49}},"loc":{"start":{"line":29,"column":55},"end":{"line":29,"column":67}},"line":29},"4":{"name":"(anonymous_4)","decl":{"start":{"line":31,"column":20},"end":{"line":31,"column":21}},"loc":{"start":{"line":31,"column":28},"end":{"line":34,"column":9}},"line":31},"5":{"name":"(anonymous_5)","decl":{"start":{"line":38,"column":11},"end":{"line":38,"column":12}},"loc":{"start":{"line":38,"column":17},"end":{"line":38,"column":40}},"line":38},"6":{"name":"(anonymous_6)","decl":{"start":{"line":52,"column":24},"end":{"line":52,"column":25}},"loc":{"start":{"line":53,"column":12},"end":{"line":67,"column":18}},"line":53},"7":{"name":"(anonymous_7)","decl":{"start":{"line":62,"column":25},"end":{"line":62,"column":26}},"loc":{"start":{"line":62,"column":31},"end":{"line":62,"column":86}},"line":62},"8":{"name":"(anonymous_8)","decl":{"start":{"line":62,"column":43},"end":{"line":62,"column":44}},"loc":{"start":{"line":62,"column":51},"end":{"line":62,"column":85}},"line":62},"9":{"name":"(anonymous_9)","decl":{"start":{"line":62,"column":63},"end":{"line":62,"column":64}},"loc":{"start":{"line":62,"column":73},"end":{"line":62,"column":84}},"line":62},"10":{"name":"(anonymous_10)","decl":{"start":{"line":73,"column":25},"end":{"line":73,"column":26}},"loc":{"start":{"line":74,"column":10},"end":{"line":90,"column":16}},"line":74}},"branchMap":{"0":{"loc":{"start":{"line":30,"column":6},"end":{"line":35,"column":7}},"type":"if","locations":[{"start":{"line":30,"column":6},"end":{"line":35,"column":7}},{"start":{},"end":{}}],"line":30},"1":{"loc":{"start":{"line":50,"column":7},"end":{"line":70,"column":7}},"type":"binary-expr","locations":[{"start":{"line":50,"column":7},"end":{"line":50,"column":26}},{"start":{"line":51,"column":8},"end":{"line":69,"column":14}}],"line":50},"2":{"loc":{"start":{"line":83,"column":19},"end":{"line":83,"column":58}},"type":"cond-expr","locations":[{"start":{"line":83,"column":33},"end":{"line":83,"column":42}},{"start":{"line":83,"column":45},"end":{"line":83,"column":58}}],"line":83},"3":{"loc":{"start":{"line":87,"column":13},"end":{"line":89,"column":13}},"type":"binary-expr","locations":[{"start":{"line":87,"column":13},"end":{"line":87,"column":25}},{"start":{"line":88,"column":14},"end":{"line":88,"column":66}}],"line":87}},"s":{"0":0,"1":0,"2":0,"3":0,"4":0,"5":0,"6":0,"7":0,"8":0,"9":0,"10":0,"11":0,"12":0,"13":0,"14":0,"15":0,"16":0},"f":{"0":0,"1":0,"2":0,"3":0,"4":0,"5":0,"6":0,"7":0,"8":0,"9":0,"10":0},"b":{"0":[0,0],"1":[0,0],"2":[0,0],"3":[0,0]}}
,"/Users/dovydasminauskas/Desktop/TF/src/components/AppTracker.tsx": {"path":"/Users/dovydasminauskas/Desktop/TF/src/components/AppTracker.tsx","statementMap":{"0":{"start":{"line":13,"column":36},"end":{"line":35,"column":3}},"1":{"start":{"line":37,"column":21},"end":{"line":41,"column":3}},"2":{"start":{"line":38,"column":18},"end":{"line":38,"column":42}},"3":{"start":{"line":39,"column":17},"end":{"line":39,"column":29}},"4":{"start":{"line":40,"column":4},"end":{"line":40,"column":57}},"5":{"start":{"line":43,"column":2},"end":{"line":101,"column":4}},"6":{"start":{"line":54,"column":10},"end":{"line":73,"column":16}}},"fnMap":{"0":{"name":"AppTracker","decl":{"start":{"line":12,"column":16},"end":{"line":12,"column":26}},"loc":{"start":{"line":12,"column":29},"end":{"line":102,"column":1}},"line":12},"1":{"name":"(anonymous_1)","decl":{"start":{"line":37,"column":21},"end":{"line":37,"column":22}},"loc":{"start":{"line":37,"column":50},"end":{"line":41,"column":3}},"line":37},"2":{"name":"(anonymous_2)","decl":{"start":{"line":53,"column":25},"end":{"line":53,"column":26}},"loc":{"start":{"line":54,"column":10},"end":{"line":73,"column":16}},"line":54}},"branchMap":{"0":{"loc":{"start":{"line":40,"column":11},"end":{"line":40,"column":56}},"type":"cond-expr","locations":[{"start":{"line":40,"column":23},"end":{"line":40,"column":43}},{"start":{"line":40,"column":46},"end":{"line":40,"column":56}}],"line":40},"1":{"loc":{"start":{"line":67,"column":13},"end":{"line":72,"column":13}},"type":"binary-expr","locations":[{"start":{"line":67,"column":13},"end":{"line":67,"column":43}},{"start":{"line":68,"column":14},"end":{"line":71,"column":20}}],"line":67}},"s":{"0":0,"1":0,"2":0,"3":0,"4":0,"5":0,"6":0},"f":{"0":0,"1":0,"2":0},"b":{"0":[0,0],"1":[0,0]}}
,"/Users/dovydasminauskas/Desktop/TF/src/components/AppUsage.tsx": {"path":"/Users/dovydasminauskas/Desktop/TF/src/components/AppUsage.tsx","statementMap":{"0":{"start":{"line":12,"column":42},"end":{"line":65,"column":1}},"1":{"start":{"line":13,"column":51},"end":{"line":13,"column":64}},"2":{"start":{"line":15,"column":2},"end":{"line":43,"column":54}},"3":{"start":{"line":18,"column":28},"end":{"line":31,"column":5}},"4":{"start":{"line":19,"column":6},"end":{"line":30,"column":7}},"5":{"start":{"line":20,"column":8},"end":{"line":29,"column":9}},"6":{"start":{"line":21,"column":23},"end":{"line":21,"column":64}},"7":{"start":{"line":22,"column":10},"end":{"line":26,"column":15}},"8":{"start":{"line":22,"column":42},"end":{"line":26,"column":11}},"9":{"start":{"line":28,"column":10},"end":{"line":28,"column":67}},"10":{"start":{"line":33,"column":4},"end":{"line":36,"column":5}},"11":{"start":{"line":34,"column":6},"end":{"line":34,"column":24}},"12":{"start":{"line":35,"column":6},"end":{"line":35,"column":53}},"13":{"start":{"line":38,"column":4},"end":{"line":42,"column":6}},"14":{"start":{"line":39,"column":6},"end":{"line":41,"column":7}},"15":{"start":{"line":40,"column":8},"end":{"line":40,"column":32}},"16":{"start":{"line":45,"column":2},"end":{"line":64,"column":4}},"17":{"start":{"line":50,"column":10},"end":{"line":60,"column":16}}},"fnMap":{"0":{"name":"(anonymous_0)","decl":{"start":{"line":12,"column":42},"end":{"line":12,"column":43}},"loc":{"start":{"line":12,"column":69},"end":{"line":65,"column":1}},"line":12},"1":{"name":"(anonymous_1)","decl":{"start":{"line":15,"column":18},"end":{"line":15,"column":19}},"loc":{"start":{"line":15,"column":24},"end":{"line":43,"column":3}},"line":15},"2":{"name":"(anonymous_2)","decl":{"start":{"line":18,"column":28},"end":{"line":18,"column":29}},"loc":{"start":{"line":18,"column":40},"end":{"line":31,"column":5}},"line":18},"3":{"name":"(anonymous_3)","decl":{"start":{"line":22,"column":34},"end":{"line":22,"column":35}},"loc":{"start":{"line":22,"column":42},"end":{"line":26,"column":11}},"line":22},"4":{"name":"(anonymous_4)","decl":{"start":{"line":38,"column":11},"end":{"line":38,"column":12}},"loc":{"start":{"line":38,"column":17},"end":{"line":42,"column":5}},"line":38},"5":{"name":"(anonymous_5)","decl":{"start":{"line":49,"column":22},"end":{"line":49,"column":23}},"loc":{"start":{"line":50,"column":10},"end":{"line":60,"column":16}},"line":50}},"branchMap":{"0":{"loc":{"start":{"line":19,"column":6},"end":{"line":30,"column":7}},"type":"if","locations":[{"start":{"line":19,"column":6},"end":{"line":30,"column":7}},{"start":{},"end":{}}],"line":19},"1":{"loc":{"start":{"line":33,"column":4},"end":{"line":36,"column":5}},"type":"if","locations":[{"start":{"line":33,"column":4},"end":{"line":36,"column":5}},{"start":{},"end":{}}],"line":33},"2":{"loc":{"start":{"line":39,"column":6},"end":{"line":41,"column":7}},"type":"if","locations":[{"start":{"line":39,"column":6},"end":{"line":41,"column":7}},{"start":{},"end":{}}],"line":39}},"s":{"0":0,"1":0,"2":0,"3":0,"4":0,"5":0,"6":0,"7":0,"8":0,"9":0,"10":0,"11":0,"12":0,"13":0,"14":0,"15":0,"16":0,"17":0},"f":{"0":0,"1":0,"2":0,"3":0,"4":0,"5":0},"b":{"0":[0,0],"1":[0,0],"2":[0,0]}}
,"/Users/dovydasminauskas/Desktop/TF/src/components/AppUsageMonitor.tsx": {"path":"/Users/dovydasminauskas/Desktop/TF/src/components/AppUsageMonitor.tsx","statementMap":{"0":{"start":{"line":6,"column":41},"end":{"line":48,"column":1}},"1":{"start":{"line":7,"column":29},"end":{"line":7,"column":42}},"2":{"start":{"line":8,"column":44},"end":{"line":8,"column":59}},"3":{"start":{"line":9,"column":28},"end":{"line":9,"column":57}},"4":{"start":{"line":11,"column":2},"end":{"line":37,"column":23}},"5":{"start":{"line":12,"column":31},"end":{"line":34,"column":5}},"6":{"start":{"line":13,"column":6},"end":{"line":33,"column":7}},"7":{"start":{"line":14,"column":37},"end":{"line":14,"column":87}},"8":{"start":{"line":15,"column":8},"end":{"line":29,"column":9}},"9":{"start":{"line":16,"column":10},"end":{"line":16,"column":33}},"10":{"start":{"line":19,"column":27},"end":{"line":26,"column":19}},"11":{"start":{"line":20,"column":30},"end":{"line":20,"column":74}},"12":{"start":{"line":21,"column":12},"end":{"line":25,"column":17}},"13":{"start":{"line":21,"column":49},"end":{"line":25,"column":13}},"14":{"start":{"line":28,"column":10},"end":{"line":28,"column":47}},"15":{"start":{"line":28,"column":23},"end":{"line":28,"column":46}},"16":{"start":{"line":31,"column":8},"end":{"line":31,"column":58}},"17":{"start":{"line":32,"column":8},"end":{"line":32,"column":62}},"18":{"start":{"line":36,"column":4},"end":{"line":36,"column":25}},"19":{"start":{"line":39,"column":2},"end":{"line":41,"column":3}},"20":{"start":{"line":40,"column":4},"end":{"line":40,"column":48}},"21":{"start":{"line":43,"column":2},"end":{"line":45,"column":3}},"22":{"start":{"line":44,"column":4},"end":{"line":44,"column":72}},"23":{"start":{"line":47,"column":2},"end":{"line":47,"column":14}}},"fnMap":{"0":{"name":"(anonymous_0)","decl":{"start":{"line":6,"column":41},"end":{"line":6,"column":42}},"loc":{"start":{"line":6,"column":47},"end":{"line":48,"column":1}},"line":6},"1":{"name":"(anonymous_1)","decl":{"start":{"line":11,"column":12},"end":{"line":11,"column":13}},"loc":{"start":{"line":11,"column":18},"end":{"line":37,"column":3}},"line":11},"2":{"name":"(anonymous_2)","decl":{"start":{"line":12,"column":31},"end":{"line":12,"column":32}},"loc":{"start":{"line":12,"column":43},"end":{"line":34,"column":5}},"line":12},"3":{"name":"(anonymous_3)","decl":{"start":{"line":19,"column":39},"end":{"line":19,"column":40}},"loc":{"start":{"line":19,"column":51},"end":{"line":26,"column":11}},"line":19},"4":{"name":"(anonymous_4)","decl":{"start":{"line":21,"column":41},"end":{"line":21,"column":42}},"loc":{"start":{"line":21,"column":49},"end":{"line":25,"column":13}},"line":21},"5":{"name":"(anonymous_5)","decl":{"start":{"line":28,"column":17},"end":{"line":28,"column":18}},"loc":{"start":{"line":28,"column":23},"end":{"line":28,"column":46}},"line":28}},"branchMap":{"0":{"loc":{"start":{"line":15,"column":8},"end":{"line":29,"column":9}},"type":"if","locations":[{"start":{"line":15,"column":8},"end":{"line":29,"column":9}},{"start":{},"end":{}}],"line":15},"1":{"loc":{"start":{"line":39,"column":2},"end":{"line":41,"column":3}},"type":"if","locations":[{"start":{"line":39,"column":2},"end":{"line":41,"column":3}},{"start":{},"end":{}}],"line":39},"2":{"loc":{"start":{"line":43,"column":2},"end":{"line":45,"column":3}},"type":"if","locations":[{"start":{"line":43,"column":2},"end":{"line":45,"column":3}},{"start":{},"end":{}}],"line":43}},"s":{"0":0,"1":0,"2":0,"3":0,"4":0,"5":0,"6":0,"7":0,"8":0,"9":0,"10":0,"11":0,"12":0,"13":0,"14":0,"15":0,"16":0,"17":0,"18":0,"19":0,"20":0,"21":0,"22":0,"23":0},"f":{"0":0,"1":0,"2":0,"3":0,"4":0,"5":0},"b":{"0":[0,0],"1":[0,0],"2":[0,0]}}
,"/Users/dovydasminauskas/Desktop/TF/src/components/ApprovedApps.tsx": {"path":"/Users/dovydasminauskas/Desktop/TF/src/components/ApprovedApps.tsx","statementMap":{"0":{"start":{"line":11,"column":20},"end":{"line":24,"column":1}},"1":{"start":{"line":26,"column":25},"end":{"line":33,"column":1}},"2":{"start":{"line":36,"column":50},"end":{"line":36,"column":79}},"3":{"start":{"line":37,"column":38},"end":{"line":37,"column":50}},"4":{"start":{"line":39,"column":21},"end":{"line":42,"column":5}},"5":{"start":{"line":40,"column":30},"end":{"line":40,"column":42}},"6":{"start":{"line":41,"column":35},"end":{"line":41,"column":47}},"7":{"start":{"line":44,"column":23},"end":{"line":48,"column":4}},"8":{"start":{"line":45,"column":26},"end":{"line":45,"column":83}},"9":{"start":{"line":46,"column":28},"end":{"line":46,"column":82}},"10":{"start":{"line":47,"column":4},"end":{"line":47,"column":44}},"11":{"start":{"line":50,"column":24},"end":{"line":52,"column":3}},"12":{"start":{"line":51,"column":4},"end":{"line":51,"column":62}},"13":{"start":{"line":51,"column":40},"end":{"line":51,"column":60}},"14":{"start":{"line":54,"column":2},"end":{"line":160,"column":4}},"15":{"start":{"line":59,"column":10},"end":{"line":92,"column":16}},"16":{"start":{"line":82,"column":31},"end":{"line":82,"column":52}},"17":{"start":{"line":115,"column":33},"end":{"line":115,"column":62}},"18":{"start":{"line":121,"column":18},"end":{"line":133,"column":27}},"19":{"start":{"line":123,"column":35},"end":{"line":125,"column":21}},"20":{"start":{"line":139,"column":18},"end":{"line":152,"column":27}},"21":{"start":{"line":142,"column":22},"end":{"line":142,"column":44}},"22":{"start":{"line":143,"column":22},"end":{"line":143,"column":40}}},"fnMap":{"0":{"name":"ApprovedApps","decl":{"start":{"line":35,"column":16},"end":{"line":35,"column":28}},"loc":{"start":{"line":35,"column":109},"end":{"line":161,"column":1}},"line":35},"1":{"name":"(anonymous_1)","decl":{"start":{"line":40,"column":23},"end":{"line":40,"column":24}},"loc":{"start":{"line":40,"column":30},"end":{"line":40,"column":42}},"line":40},"2":{"name":"(anonymous_2)","decl":{"start":{"line":41,"column":28},"end":{"line":41,"column":29}},"loc":{"start":{"line":41,"column":35},"end":{"line":41,"column":47}},"line":41},"3":{"name":"(anonymous_3)","decl":{"start":{"line":44,"column":68},"end":{"line":44,"column":69}},"loc":{"start":{"line":44,"column":75},"end":{"line":48,"column":3}},"line":44},"4":{"name":"(anonymous_4)","decl":{"start":{"line":50,"column":24},"end":{"line":50,"column":25}},"loc":{"start":{"line":50,"column":45},"end":{"line":52,"column":3}},"line":50},"5":{"name":"(anonymous_5)","decl":{"start":{"line":51,"column":33},"end":{"line":51,"column":34}},"loc":{"start":{"line":51,"column":40},"end":{"line":51,"column":60}},"line":51},"6":{"name":"(anonymous_6)","decl":{"start":{"line":58,"column":26},"end":{"line":58,"column":27}},"loc":{"start":{"line":59,"column":10},"end":{"line":92,"column":16}},"line":59},"7":{"name":"(anonymous_7)","decl":{"start":{"line":82,"column":25},"end":{"line":82,"column":26}},"loc":{"start":{"line":82,"column":31},"end":{"line":82,"column":52}},"line":82},"8":{"name":"(anonymous_8)","decl":{"start":{"line":115,"column":26},"end":{"line":115,"column":27}},"loc":{"start":{"line":115,"column":33},"end":{"line":115,"column":62}},"line":115},"9":{"name":"(anonymous_9)","decl":{"start":{"line":120,"column":32},"end":{"line":120,"column":33}},"loc":{"start":{"line":121,"column":18},"end":{"line":133,"column":27}},"line":121},"10":{"name":"(anonymous_10)","decl":{"start":{"line":123,"column":29},"end":{"line":123,"column":30}},"loc":{"start":{"line":123,"column":35},"end":{"line":125,"column":21}},"line":123},"11":{"name":"(anonymous_11)","decl":{"start":{"line":138,"column":34},"end":{"line":138,"column":35}},"loc":{"start":{"line":139,"column":18},"end":{"line":152,"column":27}},"line":139},"12":{"name":"(anonymous_12)","decl":{"start":{"line":141,"column":29},"end":{"line":141,"column":30}},"loc":{"start":{"line":141,"column":35},"end":{"line":144,"column":21}},"line":141}},"branchMap":{"0":{"loc":{"start":{"line":46,"column":28},"end":{"line":46,"column":82}},"type":"binary-expr","locations":[{"start":{"line":46,"column":28},"end":{"line":46,"column":45}},{"start":{"line":46,"column":49},"end":{"line":46,"column":82}}],"line":46},"1":{"loc":{"start":{"line":47,"column":11},"end":{"line":47,"column":43}},"type":"binary-expr","locations":[{"start":{"line":47,"column":11},"end":{"line":47,"column":24}},{"start":{"line":47,"column":28},"end":{"line":47,"column":43}}],"line":47},"2":{"loc":{"start":{"line":74,"column":15},"end":{"line":79,"column":15}},"type":"binary-expr","locations":[{"start":{"line":74,"column":15},"end":{"line":74,"column":38}},{"start":{"line":75,"column":16},"end":{"line":78,"column":22}}],"line":74},"3":{"loc":{"start":{"line":84,"column":18},"end":{"line":86,"column":52}},"type":"cond-expr","locations":[{"start":{"line":85,"column":22},"end":{"line":85,"column":46}},{"start":{"line":86,"column":22},"end":{"line":86,"column":52}}],"line":84},"4":{"loc":{"start":{"line":97,"column":7},"end":{"line":158,"column":7}},"type":"binary-expr","locations":[{"start":{"line":97,"column":7},"end":{"line":97,"column":19}},{"start":{"line":98,"column":8},"end":{"line":157,"column":14}}],"line":97},"5":{"loc":{"start":{"line":124,"column":22},"end":{"line":124,"column":69}},"type":"cond-expr","locations":[{"start":{"line":124,"column":54},"end":{"line":124,"column":58}},{"start":{"line":124,"column":61},"end":{"line":124,"column":69}}],"line":124},"6":{"loc":{"start":{"line":127,"column":22},"end":{"line":129,"column":56}},"type":"cond-expr","locations":[{"start":{"line":128,"column":26},"end":{"line":128,"column":50}},{"start":{"line":129,"column":26},"end":{"line":129,"column":56}}],"line":127}},"s":{"0":0,"1":0,"2":0,"3":0,"4":0,"5":0,"6":0,"7":0,"8":0,"9":0,"10":0,"11":0,"12":0,"13":0,"14":0,"15":0,"16":0,"17":0,"18":0,"19":0,"20":0,"21":0,"22":0},"f":{"0":0,"1":0,"2":0,"3":0,"4":0,"5":0,"6":0,"7":0,"8":0,"9":0,"10":0,"11":0,"12":0},"b":{"0":[0,0],"1":[0,0],"2":[0,0],"3":[0,0],"4":[0,0],"5":[0,0],"6":[0,0]}}
,"/Users/dovydasminauskas/Desktop/TF/src/components/Dashboard.tsx": {"path":"/Users/dovydasminauskas/Desktop/TF/src/components/Dashboard.tsx","statementMap":{"0":{"start":{"line":5,"column":35},"end":{"line":64,"column":1}},"1":{"start":{"line":6,"column":40},"end":{"line":6,"column":53}},"2":{"start":{"line":8,"column":25},"end":{"line":8,"column":40}},"3":{"start":{"line":9,"column":25},"end":{"line":9,"column":81}},"4":{"start":{"line":9,"column":46},"end":{"line":9,"column":73}},"5":{"start":{"line":10,"column":26},"end":{"line":10,"column":84}},"6":{"start":{"line":10,"column":47},"end":{"line":10,"column":76}},"7":{"start":{"line":12,"column":25},"end":{"line":17,"column":3}},"8":{"start":{"line":13,"column":4},"end":{"line":13,"column":38}},"9":{"start":{"line":13,"column":26},"end":{"line":13,"column":38}},"10":{"start":{"line":14,"column":4},"end":{"line":16,"column":6}},"11":{"start":{"line":15,"column":6},"end":{"line":15,"column":55}},"12":{"start":{"line":19,"column":22},"end":{"line":19,"column":38}},"13":{"start":{"line":21,"column":2},"end":{"line":63,"column":4}},"14":{"start":{"line":45,"column":12},"end":{"line":53,"column":18}}},"fnMap":{"0":{"name":"(anonymous_0)","decl":{"start":{"line":5,"column":35},"end":{"line":5,"column":36}},"loc":{"start":{"line":5,"column":41},"end":{"line":64,"column":1}},"line":5},"1":{"name":"(anonymous_1)","decl":{"start":{"line":9,"column":38},"end":{"line":9,"column":39}},"loc":{"start":{"line":9,"column":46},"end":{"line":9,"column":73}},"line":9},"2":{"name":"(anonymous_2)","decl":{"start":{"line":10,"column":39},"end":{"line":10,"column":40}},"loc":{"start":{"line":10,"column":47},"end":{"line":10,"column":76}},"line":10},"3":{"name":"(anonymous_3)","decl":{"start":{"line":12,"column":25},"end":{"line":12,"column":26}},"loc":{"start":{"line":12,"column":31},"end":{"line":17,"column":3}},"line":12},"4":{"name":"(anonymous_4)","decl":{"start":{"line":14,"column":27},"end":{"line":14,"column":28}},"loc":{"start":{"line":15,"column":6},"end":{"line":15,"column":55}},"line":15},"5":{"name":"(anonymous_5)","decl":{"start":{"line":44,"column":33},"end":{"line":44,"column":34}},"loc":{"start":{"line":45,"column":12},"end":{"line":53,"column":18}},"line":45}},"branchMap":{"0":{"loc":{"start":{"line":13,"column":4},"end":{"line":13,"column":38}},"type":"if","locations":[{"start":{"line":13,"column":4},"end":{"line":13,"column":38}},{"start":{},"end":{}}],"line":13},"1":{"loc":{"start":{"line":15,"column":6},"end":{"line":15,"column":55}},"type":"cond-expr","locations":[{"start":{"line":15,"column":41},"end":{"line":15,"column":45}},{"start":{"line":15,"column":48},"end":{"line":15,"column":55}}],"line":15},"2":{"loc":{"start":{"line":26,"column":42},"end":{"line":26,"column":73}},"type":"cond-expr","locations":[{"start":{"line":26,"column":65},"end":{"line":26,"column":68}},{"start":{"line":26,"column":71},"end":{"line":26,"column":73}}],"line":26},"3":{"loc":{"start":{"line":35,"column":11},"end":{"line":37,"column":11}},"type":"binary-expr","locations":[{"start":{"line":35,"column":11},"end":{"line":35,"column":22}},{"start":{"line":36,"column":12},"end":{"line":36,"column":100}}],"line":35},"4":{"loc":{"start":{"line":48,"column":15},"end":{"line":52,"column":15}},"type":"binary-expr","locations":[{"start":{"line":48,"column":15},"end":{"line":48,"column":27}},{"start":{"line":49,"column":16},"end":{"line":51,"column":23}}],"line":48}},"s":{"0":0,"1":0,"2":0,"3":0,"4":0,"5":0,"6":0,"7":0,"8":0,"9":0,"10":0,"11":0,"12":0,"13":0,"14":0},"f":{"0":0,"1":0,"2":0,"3":0,"4":0,"5":0},"b":{"0":[0,0],"1":[0,0],"2":[0,0],"3":[0,0],"4":[0,0]}}
,"/Users/dovydasminauskas/Desktop/TF/src/components/DeadlineIndicator.tsx": {"path":"/Users/dovydasminauskas/Desktop/TF/src/components/DeadlineIndicator.tsx","statementMap":{"0":{"start":{"line":10,"column":23},"end":{"line":10,"column":36}},"1":{"start":{"line":11,"column":23},"end":{"line":11,"column":41}},"2":{"start":{"line":12,"column":16},"end":{"line":12,"column":26}},"3":{"start":{"line":13,"column":28},"end":{"line":13,"column":105}},"4":{"start":{"line":15,"column":28},"end":{"line":42,"column":3}},"5":{"start":{"line":16,"column":4},"end":{"line":22,"column":5}},"6":{"start":{"line":17,"column":6},"end":{"line":21,"column":8}},"7":{"start":{"line":23,"column":4},"end":{"line":29,"column":5}},"8":{"start":{"line":24,"column":6},"end":{"line":28,"column":8}},"9":{"start":{"line":30,"column":4},"end":{"line":36,"column":5}},"10":{"start":{"line":31,"column":6},"end":{"line":35,"column":8}},"11":{"start":{"line":37,"column":4},"end":{"line":41,"column":6}},"12":{"start":{"line":44,"column":17},"end":{"line":44,"column":36}},"13":{"start":{"line":46,"column":2},"end":{"line":56,"column":4}}},"fnMap":{"0":{"name":"DeadlineIndicator","decl":{"start":{"line":9,"column":16},"end":{"line":9,"column":33}},"loc":{"start":{"line":9,"column":72},"end":{"line":57,"column":1}},"line":9},"1":{"name":"(anonymous_1)","decl":{"start":{"line":15,"column":28},"end":{"line":15,"column":29}},"loc":{"start":{"line":15,"column":34},"end":{"line":42,"column":3}},"line":15}},"branchMap":{"0":{"loc":{"start":{"line":16,"column":4},"end":{"line":22,"column":5}},"type":"if","locations":[{"start":{"line":16,"column":4},"end":{"line":22,"column":5}},{"start":{},"end":{}}],"line":16},"1":{"loc":{"start":{"line":23,"column":4},"end":{"line":29,"column":5}},"type":"if","locations":[{"start":{"line":23,"column":4},"end":{"line":29,"column":5}},{"start":{},"end":{}}],"line":23},"2":{"loc":{"start":{"line":30,"column":4},"end":{"line":36,"column":5}},"type":"if","locations":[{"start":{"line":30,"column":4},"end":{"line":36,"column":5}},{"start":{},"end":{}}],"line":30}},"s":{"0":0,"1":0,"2":0,"3":0,"4":0,"5":0,"6":0,"7":0,"8":0,"9":0,"10":0,"11":0,"12":0,"13":0},"f":{"0":0,"1":0},"b":{"0":[0,0],"1":[0,0],"2":[0,0]}}
,"/Users/dovydasminauskas/Desktop/TF/src/components/FocusMode.tsx": {"path":"/Users/dovydasminauskas/Desktop/TF/src/components/FocusMode.tsx","statementMap":{"0":{"start":{"line":5,"column":22},"end":{"line":12,"column":1}},"1":{"start":{"line":14,"column":28},"end":{"line":80,"column":1}},"2":{"start":{"line":15,"column":66},"end":{"line":15,"column":79}},"3":{"start":{"line":17,"column":25},"end":{"line":52,"column":44}},"4":{"start":{"line":18,"column":4},"end":{"line":18,"column":28}},"5":{"start":{"line":18,"column":21},"end":{"line":18,"column":28}},"6":{"start":{"line":20,"column":4},"end":{"line":51,"column":5}},"7":{"start":{"line":21,"column":27},"end":{"line":21,"column":44}},"8":{"start":{"line":22,"column":6},"end":{"line":22,"column":32}},"9":{"start":{"line":22,"column":25},"end":{"line":22,"column":32}},"10":{"start":{"line":24,"column":28},"end":{"line":24,"column":52}},"11":{"start":{"line":26,"column":6},"end":{"line":48,"column":7}},"12":{"start":{"line":27,"column":28},"end":{"line":27,"column":38}},"13":{"start":{"line":28,"column":29},"end":{"line":28,"column":42}},"14":{"start":{"line":30,"column":25},"end":{"line":30,"column":85}},"15":{"start":{"line":30,"column":55},"end":{"line":30,"column":84}},"16":{"start":{"line":32,"column":8},"end":{"line":45,"column":9}},"17":{"start":{"line":33,"column":10},"end":{"line":37,"column":12}},"18":{"start":{"line":39,"column":10},"end":{"line":44,"column":13}},"19":{"start":{"line":47,"column":8},"end":{"line":47,"column":37}},"20":{"start":{"line":50,"column":6},"end":{"line":50,"column":60}},"21":{"start":{"line":54,"column":2},"end":{"line":67,"column":50}},"22":{"start":{"line":57,"column":4},"end":{"line":60,"column":5}},"23":{"start":{"line":58,"column":6},"end":{"line":58,"column":23}},"24":{"start":{"line":59,"column":6},"end":{"line":59,"column":52}},"25":{"start":{"line":62,"column":4},"end":{"line":66,"column":6}},"26":{"start":{"line":63,"column":6},"end":{"line":65,"column":7}},"27":{"start":{"line":64,"column":8},"end":{"line":64,"column":32}},"28":{"start":{"line":69,"column":2},"end":{"line":79,"column":4}}},"fnMap":{"0":{"name":"(anonymous_0)","decl":{"start":{"line":14,"column":28},"end":{"line":14,"column":29}},"loc":{"start":{"line":14,"column":34},"end":{"line":80,"column":1}},"line":14},"1":{"name":"(anonymous_1)","decl":{"start":{"line":17,"column":37},"end":{"line":17,"column":38}},"loc":{"start":{"line":17,"column":49},"end":{"line":52,"column":3}},"line":17},"2":{"name":"(anonymous_2)","decl":{"start":{"line":30,"column":48},"end":{"line":30,"column":49}},"loc":{"start":{"line":30,"column":55},"end":{"line":30,"column":84}},"line":30},"3":{"name":"(anonymous_3)","decl":{"start":{"line":54,"column":12},"end":{"line":54,"column":13}},"loc":{"start":{"line":54,"column":18},"end":{"line":67,"column":3}},"line":54},"4":{"name":"(anonymous_4)","decl":{"start":{"line":62,"column":11},"end":{"line":62,"column":12}},"loc":{"start":{"line":62,"column":17},"end":{"line":66,"column":5}},"line":62}},"branchMap":{"0":{"loc":{"start":{"line":18,"column":4},"end":{"line":18,"column":28}},"type":"if","locations":[{"start":{"line":18,"column":4},"end":{"line":18,"column":28}},{"start":{},"end":{}}],"line":18},"1":{"loc":{"start":{"line":22,"column":6},"end":{"line":22,"column":32}},"type":"if","locations":[{"start":{"line":22,"column":6},"end":{"line":22,"column":32}},{"start":{},"end":{}}],"line":22},"2":{"loc":{"start":{"line":26,"column":6},"end":{"line":48,"column":7}},"type":"if","locations":[{"start":{"line":26,"column":6},"end":{"line":48,"column":7}},{"start":{},"end":{}}],"line":26},"3":{"loc":{"start":{"line":26,"column":10},"end":{"line":26,"column":64}},"type":"binary-expr","locations":[{"start":{"line":26,"column":10},"end":{"line":26,"column":23}},{"start":{"line":26,"column":27},"end":{"line":26,"column":64}}],"line":26},"4":{"loc":{"start":{"line":32,"column":8},"end":{"line":45,"column":9}},"type":"if","locations":[{"start":{"line":32,"column":8},"end":{"line":45,"column":9}},{"start":{"line":38,"column":15},"end":{"line":45,"column":9}}],"line":32},"5":{"loc":{"start":{"line":57,"column":4},"end":{"line":60,"column":5}},"type":"if","locations":[{"start":{"line":57,"column":4},"end":{"line":60,"column":5}},{"start":{},"end":{}}],"line":57},"6":{"loc":{"start":{"line":57,"column":8},"end":{"line":57,"column":35}},"type":"binary-expr","locations":[{"start":{"line":57,"column":8},"end":{"line":57,"column":18}},{"start":{"line":57,"column":22},"end":{"line":57,"column":35}}],"line":57},"7":{"loc":{"start":{"line":63,"column":6},"end":{"line":65,"column":7}},"type":"if","locations":[{"start":{"line":63,"column":6},"end":{"line":65,"column":7}},{"start":{},"end":{}}],"line":63},"8":{"loc":{"start":{"line":71,"column":7},"end":{"line":76,"column":7}},"type":"binary-expr","locations":[{"start":{"line":71,"column":7},"end":{"line":71,"column":20}},{"start":{"line":72,"column":8},"end":{"line":75,"column":14}}],"line":71}},"s":{"0":0,"1":0,"2":0,"3":0,"4":0,"5":0,"6":0,"7":0,"8":0,"9":0,"10":0,"11":0,"12":0,"13":0,"14":0,"15":0,"16":0,"17":0,"18":0,"19":0,"20":0,"21":0,"22":0,"23":0,"24":0,"25":0,"26":0,"27":0,"28":0},"f":{"0":0,"1":0,"2":0,"3":0,"4":0},"b":{"0":[0,0],"1":[0,0],"2":[0,0],"3":[0,0],"4":[0,0],"5":[0,0],"6":[0,0],"7":[0,0],"8":[0,0]}}
,"/Users/dovydasminauskas/Desktop/TF/src/components/GoalTracker.tsx": {"path":"/Users/dovydasminauskas/Desktop/TF/src/components/GoalTracker.tsx","statementMap":{"0":{"start":{"line":11,"column":42},"end":{"line":11,"column":57}},"1":{"start":{"line":12,"column":38},"end":{"line":12,"column":50}},"2":{"start":{"line":13,"column":36},"end":{"line":13,"column":76}},"3":{"start":{"line":15,"column":23},"end":{"line":23,"column":3}},"4":{"start":{"line":16,"column":4},"end":{"line":16,"column":23}},"5":{"start":{"line":17,"column":19},"end":{"line":17,"column":39}},"6":{"start":{"line":18,"column":4},"end":{"line":22,"column":5}},"7":{"start":{"line":19,"column":6},"end":{"line":19,"column":42}},"8":{"start":{"line":20,"column":6},"end":{"line":20,"column":29}},"9":{"start":{"line":21,"column":6},"end":{"line":21,"column":24}},"10":{"start":{"line":25,"column":28},"end":{"line":29,"column":3}},"11":{"start":{"line":27,"column":21},"end":{"line":27,"column":55}},"12":{"start":{"line":28,"column":4},"end":{"line":28,"column":32}},"13":{"start":{"line":31,"column":19},"end":{"line":31,"column":38}},"14":{"start":{"line":33,"column":2},"end":{"line":148,"column":4}},"15":{"start":{"line":42,"column":27},"end":{"line":42,"column":48}},"16":{"start":{"line":57,"column":31},"end":{"line":57,"column":60}},"17":{"start":{"line":69,"column":31},"end":{"line":69,"column":53}},"18":{"start":{"line":80,"column":31},"end":{"line":80,"column":54}},"19":{"start":{"line":95,"column":29},"end":{"line":95,"column":51}}},"fnMap":{"0":{"name":"GoalTracker","decl":{"start":{"line":10,"column":16},"end":{"line":10,"column":27}},"loc":{"start":{"line":10,"column":73},"end":{"line":149,"column":1}},"line":10},"1":{"name":"(anonymous_1)","decl":{"start":{"line":15,"column":23},"end":{"line":15,"column":24}},"loc":{"start":{"line":15,"column":47},"end":{"line":23,"column":3}},"line":15},"2":{"name":"(anonymous_2)","decl":{"start":{"line":25,"column":28},"end":{"line":25,"column":29}},"loc":{"start":{"line":25,"column":34},"end":{"line":29,"column":3}},"line":25},"3":{"name":"(anonymous_3)","decl":{"start":{"line":42,"column":21},"end":{"line":42,"column":22}},"loc":{"start":{"line":42,"column":27},"end":{"line":42,"column":48}},"line":42},"4":{"name":"(anonymous_4)","decl":{"start":{"line":57,"column":24},"end":{"line":57,"column":25}},"loc":{"start":{"line":57,"column":31},"end":{"line":57,"column":60}},"line":57},"5":{"name":"(anonymous_5)","decl":{"start":{"line":69,"column":25},"end":{"line":69,"column":26}},"loc":{"start":{"line":69,"column":31},"end":{"line":69,"column":53}},"line":69},"6":{"name":"(anonymous_6)","decl":{"start":{"line":80,"column":25},"end":{"line":80,"column":26}},"loc":{"start":{"line":80,"column":31},"end":{"line":80,"column":54}},"line":80},"7":{"name":"(anonymous_7)","decl":{"start":{"line":95,"column":23},"end":{"line":95,"column":24}},"loc":{"start":{"line":95,"column":29},"end":{"line":95,"column":51}},"line":95}},"branchMap":{"0":{"loc":{"start":{"line":18,"column":4},"end":{"line":22,"column":5}},"type":"if","locations":[{"start":{"line":18,"column":4},"end":{"line":22,"column":5}},{"start":{},"end":{}}],"line":18},"1":{"loc":{"start":{"line":18,"column":8},"end":{"line":18,"column":36}},"type":"binary-expr","locations":[{"start":{"line":18,"column":8},"end":{"line":18,"column":22}},{"start":{"line":18,"column":26},"end":{"line":18,"column":36}}],"line":18},"2":{"loc":{"start":{"line":40,"column":9},"end":{"line":47,"column":9}},"type":"binary-expr","locations":[{"start":{"line":40,"column":9},"end":{"line":40,"column":22}},{"start":{"line":41,"column":10},"end":{"line":46,"column":19}}],"line":40},"3":{"loc":{"start":{"line":50,"column":7},"end":{"line":146,"column":7}},"type":"cond-expr","locations":[{"start":{"line":51,"column":8},"end":{"line":107,"column":15}},{"start":{"line":109,"column":8},"end":{"line":145,"column":14}}],"line":50},"4":{"loc":{"start":{"line":71,"column":18},"end":{"line":73,"column":51}},"type":"cond-expr","locations":[{"start":{"line":72,"column":22},"end":{"line":72,"column":68}},{"start":{"line":73,"column":22},"end":{"line":73,"column":51}}],"line":71},"5":{"loc":{"start":{"line":82,"column":18},"end":{"line":84,"column":51}},"type":"cond-expr","locations":[{"start":{"line":83,"column":22},"end":{"line":83,"column":68}},{"start":{"line":84,"column":22},"end":{"line":84,"column":51}}],"line":82},"6":{"loc":{"start":{"line":118,"column":13},"end":{"line":123,"column":13}},"type":"binary-expr","locations":[{"start":{"line":118,"column":13},"end":{"line":118,"column":28}},{"start":{"line":119,"column":14},"end":{"line":122,"column":20}}],"line":118}},"s":{"0":0,"1":0,"2":0,"3":0,"4":0,"5":0,"6":0,"7":0,"8":0,"9":0,"10":0,"11":0,"12":0,"13":0,"14":0,"15":0,"16":0,"17":0,"18":0,"19":0},"f":{"0":0,"1":0,"2":0,"3":0,"4":0,"5":0,"6":0,"7":0},"b":{"0":[0,0],"1":[0,0],"2":[0,0],"3":[0,0],"4":[0,0],"5":[0,0],"6":[0,0]}}
,"/Users/dovydasminauskas/Desktop/TF/src/components/InsightsView.tsx": {"path":"/Users/dovydasminauskas/Desktop/TF/src/components/InsightsView.tsx","statementMap":{"0":{"start":{"line":5,"column":38},"end":{"line":59,"column":1}},"1":{"start":{"line":6,"column":40},"end":{"line":6,"column":53}},"2":{"start":{"line":8,"column":30},"end":{"line":10,"column":3}},"3":{"start":{"line":9,"column":4},"end":{"line":9,"column":77}},"4":{"start":{"line":9,"column":47},"end":{"line":9,"column":72}},"5":{"start":{"line":12,"column":25},"end":{"line":17,"column":3}},"6":{"start":{"line":13,"column":4},"end":{"line":13,"column":38}},"7":{"start":{"line":13,"column":26},"end":{"line":13,"column":38}},"8":{"start":{"line":14,"column":4},"end":{"line":16,"column":6}},"9":{"start":{"line":15,"column":6},"end":{"line":15,"column":55}},"10":{"start":{"line":19,"column":22},"end":{"line":19,"column":38}},"11":{"start":{"line":21,"column":2},"end":{"line":58,"column":4}},"12":{"start":{"line":38,"column":34},"end":{"line":38,"column":58}}},"fnMap":{"0":{"name":"(anonymous_0)","decl":{"start":{"line":5,"column":38},"end":{"line":5,"column":39}},"loc":{"start":{"line":5,"column":44},"end":{"line":59,"column":1}},"line":5},"1":{"name":"(anonymous_1)","decl":{"start":{"line":8,"column":30},"end":{"line":8,"column":31}},"loc":{"start":{"line":8,"column":36},"end":{"line":10,"column":3}},"line":8},"2":{"name":"(anonymous_2)","decl":{"start":{"line":9,"column":27},"end":{"line":9,"column":28}},"loc":{"start":{"line":9,"column":47},"end":{"line":9,"column":72}},"line":9},"3":{"name":"(anonymous_3)","decl":{"start":{"line":12,"column":25},"end":{"line":12,"column":26}},"loc":{"start":{"line":12,"column":31},"end":{"line":17,"column":3}},"line":12},"4":{"name":"(anonymous_4)","decl":{"start":{"line":14,"column":27},"end":{"line":14,"column":28}},"loc":{"start":{"line":15,"column":6},"end":{"line":15,"column":55}},"line":15},"5":{"name":"(anonymous_5)","decl":{"start":{"line":38,"column":29},"end":{"line":38,"column":30}},"loc":{"start":{"line":38,"column":34},"end":{"line":38,"column":58}},"line":38}},"branchMap":{"0":{"loc":{"start":{"line":13,"column":4},"end":{"line":13,"column":38}},"type":"if","locations":[{"start":{"line":13,"column":4},"end":{"line":13,"column":38}},{"start":{},"end":{}}],"line":13},"1":{"loc":{"start":{"line":15,"column":6},"end":{"line":15,"column":55}},"type":"cond-expr","locations":[{"start":{"line":15,"column":41},"end":{"line":15,"column":45}},{"start":{"line":15,"column":48},"end":{"line":15,"column":55}}],"line":15},"2":{"loc":{"start":{"line":46,"column":9},"end":{"line":55,"column":9}},"type":"binary-expr","locations":[{"start":{"line":46,"column":9},"end":{"line":46,"column":20}},{"start":{"line":47,"column":10},"end":{"line":54,"column":16}}],"line":46}},"s":{"0":0,"1":0,"2":0,"3":0,"4":0,"5":0,"6":0,"7":0,"8":0,"9":0,"10":0,"11":0,"12":0},"f":{"0":0,"1":0,"2":0,"3":0,"4":0,"5":0},"b":{"0":[0,0],"1":[0,0],"2":[0,0]}}
,"/Users/dovydasminauskas/Desktop/TF/src/components/MoneyModal.tsx": {"path":"/Users/dovydasminauskas/Desktop/TF/src/components/MoneyModal.tsx","statementMap":{"0":{"start":{"line":13,"column":30},"end":{"line":13,"column":42}},"1":{"start":{"line":14,"column":40},"end":{"line":14,"column":52}},"2":{"start":{"line":15,"column":36},"end":{"line":15,"column":71}},"3":{"start":{"line":17,"column":23},"end":{"line":28,"column":3}},"4":{"start":{"line":18,"column":22},"end":{"line":18,"column":40}},"5":{"start":{"line":19,"column":4},"end":{"line":27,"column":5}},"6":{"start":{"line":20,"column":6},"end":{"line":25,"column":9}},"7":{"start":{"line":26,"column":6},"end":{"line":26,"column":16}},"8":{"start":{"line":30,"column":21},"end":{"line":37,"column":3}},"9":{"start":{"line":31,"column":4},"end":{"line":36,"column":7}},"10":{"start":{"line":39,"column":2},"end":{"line":148,"column":4}},"11":{"start":{"line":57,"column":29},"end":{"line":57,"column":48}},"12":{"start":{"line":67,"column":29},"end":{"line":67,"column":53}},"13":{"start":{"line":81,"column":29},"end":{"line":81,"column":54}},"14":{"start":{"line":89,"column":29},"end":{"line":89,"column":59}},"15":{"start":{"line":101,"column":18},"end":{"line":125,"column":24}}},"fnMap":{"0":{"name":"MoneyModal","decl":{"start":{"line":12,"column":16},"end":{"line":12,"column":26}},"loc":{"start":{"line":12,"column":101},"end":{"line":149,"column":1}},"line":12},"1":{"name":"(anonymous_1)","decl":{"start":{"line":17,"column":23},"end":{"line":17,"column":24}},"loc":{"start":{"line":17,"column":29},"end":{"line":28,"column":3}},"line":17},"2":{"name":"(anonymous_2)","decl":{"start":{"line":30,"column":21},"end":{"line":30,"column":22}},"loc":{"start":{"line":30,"column":39},"end":{"line":37,"column":3}},"line":30},"3":{"name":"(anonymous_3)","decl":{"start":{"line":57,"column":23},"end":{"line":57,"column":24}},"loc":{"start":{"line":57,"column":29},"end":{"line":57,"column":48}},"line":57},"4":{"name":"(anonymous_4)","decl":{"start":{"line":67,"column":23},"end":{"line":67,"column":24}},"loc":{"start":{"line":67,"column":29},"end":{"line":67,"column":53}},"line":67},"5":{"name":"(anonymous_5)","decl":{"start":{"line":81,"column":22},"end":{"line":81,"column":23}},"loc":{"start":{"line":81,"column":29},"end":{"line":81,"column":54}},"line":81},"6":{"name":"(anonymous_6)","decl":{"start":{"line":89,"column":22},"end":{"line":89,"column":23}},"loc":{"start":{"line":89,"column":29},"end":{"line":89,"column":59}},"line":89},"7":{"name":"(anonymous_7)","decl":{"start":{"line":100,"column":40},"end":{"line":100,"column":41}},"loc":{"start":{"line":101,"column":18},"end":{"line":125,"column":24}},"line":101}},"branchMap":{"0":{"loc":{"start":{"line":19,"column":4},"end":{"line":27,"column":5}},"type":"if","locations":[{"start":{"line":19,"column":4},"end":{"line":27,"column":5}},{"start":{},"end":{}}],"line":19},"1":{"loc":{"start":{"line":24,"column":21},"end":{"line":24,"column":52}},"type":"binary-expr","locations":[{"start":{"line":24,"column":21},"end":{"line":24,"column":39}},{"start":{"line":24,"column":43},"end":{"line":24,"column":52}}],"line":24},"2":{"loc":{"start":{"line":44,"column":13},"end":{"line":44,"column":70}},"type":"cond-expr","locations":[{"start":{"line":44,"column":34},"end":{"line":44,"column":50}},{"start":{"line":44,"column":53},"end":{"line":44,"column":70}}],"line":44},"3":{"loc":{"start":{"line":59,"column":16},"end":{"line":61,"column":50}},"type":"cond-expr","locations":[{"start":{"line":60,"column":20},"end":{"line":60,"column":66}},{"start":{"line":61,"column":20},"end":{"line":61,"column":50}}],"line":59},"4":{"loc":{"start":{"line":69,"column":16},"end":{"line":71,"column":50}},"type":"cond-expr","locations":[{"start":{"line":70,"column":20},"end":{"line":70,"column":66}},{"start":{"line":71,"column":20},"end":{"line":71,"column":50}}],"line":69},"5":{"loc":{"start":{"line":94,"column":11},"end":{"line":129,"column":11}},"type":"binary-expr","locations":[{"start":{"line":94,"column":11},"end":{"line":94,"column":40}},{"start":{"line":95,"column":12},"end":{"line":128,"column":18}}],"line":94},"6":{"loc":{"start":{"line":107,"column":25},"end":{"line":111,"column":25}},"type":"cond-expr","locations":[{"start":{"line":108,"column":26},"end":{"line":108,"column":71}},{"start":{"line":110,"column":26},"end":{"line":110,"column":68}}],"line":107},"7":{"loc":{"start":{"line":116,"column":23},"end":{"line":120,"column":23}},"type":"binary-expr","locations":[{"start":{"line":116,"column":23},"end":{"line":116,"column":37}},{"start":{"line":117,"column":24},"end":{"line":119,"column":28}}],"line":116}},"s":{"0":0,"1":0,"2":0,"3":0,"4":0,"5":0,"6":0,"7":0,"8":0,"9":0,"10":0,"11":0,"12":0,"13":0,"14":0,"15":0},"f":{"0":0,"1":0,"2":0,"3":0,"4":0,"5":0,"6":0,"7":0},"b":{"0":[0,0],"1":[0,0],"2":[0,0],"3":[0,0],"4":[0,0],"5":[0,0],"6":[0,0],"7":[0,0]}}
,"/Users/dovydasminauskas/Desktop/TF/src/components/NewProjectModal.tsx": {"path":"/Users/dovydasminauskas/Desktop/TF/src/components/NewProjectModal.tsx","statementMap":{"0":{"start":{"line":11,"column":34},"end":{"line":18,"column":4}},"1":{"start":{"line":20,"column":28},"end":{"line":23,"column":3}},"2":{"start":{"line":21,"column":28},"end":{"line":21,"column":36}},"3":{"start":{"line":22,"column":4},"end":{"line":22,"column":54}},"4":{"start":{"line":22,"column":25},"end":{"line":22,"column":51}},"5":{"start":{"line":25,"column":23},"end":{"line":39,"column":3}},"6":{"start":{"line":26,"column":4},"end":{"line":26,"column":23}},"7":{"start":{"line":28,"column":20},"end":{"line":35,"column":5}},"8":{"start":{"line":34,"column":48},"end":{"line":34,"column":58}},"9":{"start":{"line":37,"column":4},"end":{"line":37,"column":29}},"10":{"start":{"line":38,"column":4},"end":{"line":38,"column":14}},"11":{"start":{"line":41,"column":2},"end":{"line":167,"column":4}}},"fnMap":{"0":{"name":"NewProjectModal","decl":{"start":{"line":10,"column":16},"end":{"line":10,"column":31}},"loc":{"start":{"line":10,"column":84},"end":{"line":168,"column":1}},"line":10},"1":{"name":"(anonymous_1)","decl":{"start":{"line":20,"column":28},"end":{"line":20,"column":29}},"loc":{"start":{"line":20,"column":92},"end":{"line":23,"column":3}},"line":20},"2":{"name":"(anonymous_2)","decl":{"start":{"line":22,"column":16},"end":{"line":22,"column":17}},"loc":{"start":{"line":22,"column":25},"end":{"line":22,"column":51}},"line":22},"3":{"name":"(anonymous_3)","decl":{"start":{"line":25,"column":23},"end":{"line":25,"column":24}},"loc":{"start":{"line":25,"column":47},"end":{"line":39,"column":3}},"line":25},"4":{"name":"(anonymous_4)","decl":{"start":{"line":34,"column":41},"end":{"line":34,"column":42}},"loc":{"start":{"line":34,"column":48},"end":{"line":34,"column":58}},"line":34}},"branchMap":{"0":{"loc":{"start":{"line":31,"column":14},"end":{"line":31,"column":42}},"type":"binary-expr","locations":[{"start":{"line":31,"column":14},"end":{"line":31,"column":37}},{"start":{"line":31,"column":41},"end":{"line":31,"column":42}}],"line":31},"1":{"loc":{"start":{"line":32,"column":16},"end":{"line":32,"column":46}},"type":"binary-expr","locations":[{"start":{"line":32,"column":16},"end":{"line":32,"column":41}},{"start":{"line":32,"column":45},"end":{"line":32,"column":46}}],"line":32}},"s":{"0":0,"1":0,"2":0,"3":0,"4":0,"5":0,"6":0,"7":0,"8":0,"9":0,"10":0,"11":0},"f":{"0":0,"1":0,"2":0,"3":0,"4":0},"b":{"0":[0,0],"1":[0,0]}}
,"/Users/dovydasminauskas/Desktop/TF/src/components/NotificationCenter.tsx": {"path":"/Users/dovydasminauskas/Desktop/TF/src/components/NotificationCenter.tsx","statementMap":{"0":{"start":{"line":13,"column":40},"end":{"line":28,"column":3}},"1":{"start":{"line":30,"column":2},"end":{"line":72,"column":4}},"2":{"start":{"line":46,"column":10},"end":{"line":68,"column":16}}},"fnMap":{"0":{"name":"NotificationCenter","decl":{"start":{"line":12,"column":16},"end":{"line":12,"column":34}},"loc":{"start":{"line":12,"column":37},"end":{"line":73,"column":1}},"line":12},"1":{"name":"(anonymous_1)","decl":{"start":{"line":45,"column":27},"end":{"line":45,"column":28}},"loc":{"start":{"line":46,"column":10},"end":{"line":68,"column":16}},"line":46}},"branchMap":{"0":{"loc":{"start":{"line":48,"column":15},"end":{"line":52,"column":15}},"type":"cond-expr","locations":[{"start":{"line":49,"column":16},"end":{"line":49,"column":67}},{"start":{"line":51,"column":16},"end":{"line":51,"column":71}}],"line":48}},"s":{"0":0,"1":0,"2":0},"f":{"0":0,"1":0},"b":{"0":[0,0]}}
,"/Users/dovydasminauskas/Desktop/TF/src/components/Notifications.tsx": {"path":"/Users/dovydasminauskas/Desktop/TF/src/components/Notifications.tsx","statementMap":{"0":{"start":{"line":9,"column":59},"end":{"line":118,"column":1}},"1":{"start":{"line":10,"column":52},"end":{"line":10,"column":67}},"2":{"start":{"line":11,"column":32},"end":{"line":11,"column":45}},"3":{"start":{"line":12,"column":38},"end":{"line":12,"column":65}},"4":{"start":{"line":14,"column":2},"end":{"line":19,"column":20}},"5":{"start":{"line":15,"column":4},"end":{"line":15,"column":24}},"6":{"start":{"line":16,"column":4},"end":{"line":18,"column":5}},"7":{"start":{"line":17,"column":6},"end":{"line":17,"column":33}},"8":{"start":{"line":21,"column":2},"end":{"line":42,"column":33}},"9":{"start":{"line":22,"column":4},"end":{"line":41,"column":5}},"10":{"start":{"line":23,"column":33},"end":{"line":34,"column":7}},"11":{"start":{"line":24,"column":20},"end":{"line":24,"column":30}},"12":{"start":{"line":25,"column":8},"end":{"line":33,"column":11}},"13":{"start":{"line":26,"column":10},"end":{"line":32,"column":11}},"14":{"start":{"line":31,"column":12},"end":{"line":31,"column":35}},"15":{"start":{"line":37,"column":23},"end":{"line":37,"column":61}},"16":{"start":{"line":38,"column":6},"end":{"line":38,"column":27}},"17":{"start":{"line":40,"column":6},"end":{"line":40,"column":43}},"18":{"start":{"line":40,"column":19},"end":{"line":40,"column":42}},"19":{"start":{"line":44,"column":28},"end":{"line":51,"column":3}},"20":{"start":{"line":45,"column":4},"end":{"line":50,"column":5}},"21":{"start":{"line":46,"column":25},"end":{"line":46,"column":87}},"22":{"start":{"line":47,"column":6},"end":{"line":47,"column":53}},"23":{"start":{"line":49,"column":6},"end":{"line":49,"column":72}},"24":{"start":{"line":53,"column":27},"end":{"line":66,"column":3}},"25":{"start":{"line":54,"column":4},"end":{"line":54,"column":35}},"26":{"start":{"line":54,"column":28},"end":{"line":54,"column":35}},"27":{"start":{"line":56,"column":25},"end":{"line":61,"column":6}},"28":{"start":{"line":63,"column":4},"end":{"line":63,"column":24}},"29":{"start":{"line":64,"column":4},"end":{"line":64,"column":88}},"30":{"start":{"line":64,"column":49},"end":{"line":64,"column":86}},"31":{"start":{"line":65,"column":4},"end":{"line":65,"column":87}},"32":{"start":{"line":65,"column":49},"end":{"line":65,"column":85}},"33":{"start":{"line":68,"column":35},"end":{"line":90,"column":3}},"34":{"start":{"line":69,"column":4},"end":{"line":89,"column":5}},"35":{"start":{"line":70,"column":6},"end":{"line":74,"column":9}},"36":{"start":{"line":75,"column":6},"end":{"line":75,"column":26}},"37":{"start":{"line":78,"column":6},"end":{"line":81,"column":9}},"38":{"start":{"line":84,"column":6},"end":{"line":87,"column":9}},"39":{"start":{"line":88,"column":6},"end":{"line":88,"column":26}},"40":{"start":{"line":92,"column":2},"end":{"line":117,"column":4}},"41":{"start":{"line":107,"column":35},"end":{"line":107,"column":78}},"42":{"start":{"line":110,"column":35},"end":{"line":110,"column":77}}},"fnMap":{"0":{"name":"(anonymous_0)","decl":{"start":{"line":9,"column":59},"end":{"line":9,"column":60}},"loc":{"start":{"line":9,"column":80},"end":{"line":118,"column":1}},"line":9},"1":{"name":"(anonymous_1)","decl":{"start":{"line":14,"column":12},"end":{"line":14,"column":13}},"loc":{"start":{"line":14,"column":18},"end":{"line":19,"column":3}},"line":14},"2":{"name":"(anonymous_2)","decl":{"start":{"line":21,"column":12},"end":{"line":21,"column":13}},"loc":{"start":{"line":21,"column":18},"end":{"line":42,"column":3}},"line":21},"3":{"name":"(anonymous_3)","decl":{"start":{"line":23,"column":33},"end":{"line":23,"column":34}},"loc":{"start":{"line":23,"column":39},"end":{"line":34,"column":7}},"line":23},"4":{"name":"(anonymous_4)","decl":{"start":{"line":25,"column":22},"end":{"line":25,"column":23}},"loc":{"start":{"line":25,"column":30},"end":{"line":33,"column":9}},"line":25},"5":{"name":"(anonymous_5)","decl":{"start":{"line":40,"column":13},"end":{"line":40,"column":14}},"loc":{"start":{"line":40,"column":19},"end":{"line":40,"column":42}},"line":40},"6":{"name":"(anonymous_6)","decl":{"start":{"line":44,"column":28},"end":{"line":44,"column":29}},"loc":{"start":{"line":44,"column":40},"end":{"line":51,"column":3}},"line":44},"7":{"name":"(anonymous_7)","decl":{"start":{"line":53,"column":27},"end":{"line":53,"column":28}},"loc":{"start":{"line":53,"column":43},"end":{"line":66,"column":3}},"line":53},"8":{"name":"(anonymous_8)","decl":{"start":{"line":64,"column":43},"end":{"line":64,"column":44}},"loc":{"start":{"line":64,"column":49},"end":{"line":64,"column":86}},"line":64},"9":{"name":"(anonymous_9)","decl":{"start":{"line":65,"column":43},"end":{"line":65,"column":44}},"loc":{"start":{"line":65,"column":49},"end":{"line":65,"column":85}},"line":65},"10":{"name":"(anonymous_10)","decl":{"start":{"line":68,"column":35},"end":{"line":68,"column":36}},"loc":{"start":{"line":68,"column":73},"end":{"line":90,"column":3}},"line":68},"11":{"name":"(anonymous_11)","decl":{"start":{"line":107,"column":29},"end":{"line":107,"column":30}},"loc":{"start":{"line":107,"column":35},"end":{"line":107,"column":78}},"line":107},"12":{"name":"(anonymous_12)","decl":{"start":{"line":110,"column":29},"end":{"line":110,"column":30}},"loc":{"start":{"line":110,"column":35},"end":{"line":110,"column":77}},"line":110}},"branchMap":{"0":{"loc":{"start":{"line":16,"column":4},"end":{"line":18,"column":5}},"type":"if","locations":[{"start":{"line":16,"column":4},"end":{"line":18,"column":5}},{"start":{},"end":{}}],"line":16},"1":{"loc":{"start":{"line":22,"column":4},"end":{"line":41,"column":5}},"type":"if","locations":[{"start":{"line":22,"column":4},"end":{"line":41,"column":5}},{"start":{},"end":{}}],"line":22},"2":{"loc":{"start":{"line":26,"column":10},"end":{"line":32,"column":11}},"type":"if","locations":[{"start":{"line":26,"column":10},"end":{"line":32,"column":11}},{"start":{},"end":{}}],"line":26},"3":{"loc":{"start":{"line":27,"column":12},"end":{"line":29,"column":39}},"type":"binary-expr","locations":[{"start":{"line":27,"column":12},"end":{"line":27,"column":29}},{"start":{"line":28,"column":12},"end":{"line":28,"column":46}},{"start":{"line":29,"column":12},"end":{"line":29,"column":39}}],"line":27},"4":{"loc":{"start":{"line":54,"column":4},"end":{"line":54,"column":35}},"type":"if","locations":[{"start":{"line":54,"column":4},"end":{"line":54,"column":35}},{"start":{},"end":{}}],"line":54},"5":{"loc":{"start":{"line":69,"column":4},"end":{"line":89,"column":5}},"type":"if","locations":[{"start":{"line":69,"column":4},"end":{"line":89,"column":5}},{"start":{"line":76,"column":11},"end":{"line":89,"column":5}}],"line":69},"6":{"loc":{"start":{"line":94,"column":7},"end":{"line":101,"column":7}},"type":"binary-expr","locations":[{"start":{"line":94,"column":7},"end":{"line":94,"column":25}},{"start":{"line":95,"column":8},"end":{"line":100,"column":17}}],"line":94},"7":{"loc":{"start":{"line":102,"column":7},"end":{"line":115,"column":7}},"type":"binary-expr","locations":[{"start":{"line":102,"column":7},"end":{"line":102,"column":17}},{"start":{"line":103,"column":8},"end":{"line":114,"column":14}}],"line":102}},"s":{"0":0,"1":0,"2":0,"3":0,"4":0,"5":0,"6":0,"7":0,"8":0,"9":0,"10":0,"11":0,"12":0,"13":0,"14":0,"15":0,"16":0,"17":0,"18":0,"19":0,"20":0,"21":0,"22":0,"23":0,"24":0,"25":0,"26":0,"27":0,"28":0,"29":0,"30":0,"31":0,"32":0,"33":0,"34":0,"35":0,"36":0,"37":0,"38":0,"39":0,"40":0,"41":0,"42":0},"f":{"0":0,"1":0,"2":0,"3":0,"4":0,"5":0,"6":0,"7":0,"8":0,"9":0,"10":0,"11":0,"12":0},"b":{"0":[0,0],"1":[0,0],"2":[0,0],"3":[0,0,0],"4":[0,0],"5":[0,0],"6":[0,0],"7":[0,0]}}
,"/Users/dovydasminauskas/Desktop/TF/src/components/ProductivityInsights.tsx": {"path":"/Users/dovydasminauskas/Desktop/TF/src/components/ProductivityInsights.tsx","statementMap":{"0":{"start":{"line":6,"column":36},"end":{"line":6,"column":73}},"1":{"start":{"line":7,"column":23},"end":{"line":7,"column":36}},"2":{"start":{"line":9,"column":36},"end":{"line":28,"column":3}},"3":{"start":{"line":10,"column":4},"end":{"line":27,"column":7}},"4":{"start":{"line":11,"column":29},"end":{"line":11,"column":74}},"5":{"start":{"line":11,"column":55},"end":{"line":11,"column":66}},"6":{"start":{"line":12,"column":25},"end":{"line":12,"column":45}},"7":{"start":{"line":13,"column":25},"end":{"line":13,"column":81}},"8":{"start":{"line":15,"column":22},"end":{"line":15,"column":57}},"9":{"start":{"line":16,"column":24},"end":{"line":16,"column":29}},"10":{"start":{"line":17,"column":28},"end":{"line":17,"column":29}},"11":{"start":{"line":19,"column":6},"end":{"line":26,"column":8}},"12":{"start":{"line":30,"column":27},"end":{"line":30,"column":54}},"13":{"start":{"line":32,"column":23},"end":{"line":36,"column":3}},"14":{"start":{"line":33,"column":4},"end":{"line":35,"column":59}},"15":{"start":{"line":38,"column":2},"end":{"line":149,"column":4}},"16":{"start":{"line":48,"column":27},"end":{"line":48,"column":48}},"17":{"start":{"line":58,"column":27},"end":{"line":58,"column":49}},"18":{"start":{"line":72,"column":10},"end":{"line":145,"column":16}}},"fnMap":{"0":{"name":"ProductivityInsights","decl":{"start":{"line":5,"column":16},"end":{"line":5,"column":36}},"loc":{"start":{"line":5,"column":39},"end":{"line":150,"column":1}},"line":5},"1":{"name":"(anonymous_1)","decl":{"start":{"line":9,"column":36},"end":{"line":9,"column":37}},"loc":{"start":{"line":9,"column":42},"end":{"line":28,"column":3}},"line":9},"2":{"name":"(anonymous_2)","decl":{"start":{"line":10,"column":24},"end":{"line":10,"column":25}},"loc":{"start":{"line":10,"column":35},"end":{"line":27,"column":5}},"line":10},"3":{"name":"(anonymous_3)","decl":{"start":{"line":11,"column":50},"end":{"line":11,"column":51}},"loc":{"start":{"line":11,"column":55},"end":{"line":11,"column":66}},"line":11},"4":{"name":"(anonymous_4)","decl":{"start":{"line":32,"column":23},"end":{"line":32,"column":24}},"loc":{"start":{"line":32,"column":49},"end":{"line":36,"column":3}},"line":32},"5":{"name":"(anonymous_5)","decl":{"start":{"line":48,"column":21},"end":{"line":48,"column":22}},"loc":{"start":{"line":48,"column":27},"end":{"line":48,"column":48}},"line":48},"6":{"name":"(anonymous_6)","decl":{"start":{"line":58,"column":21},"end":{"line":58,"column":22}},"loc":{"start":{"line":58,"column":27},"end":{"line":58,"column":49}},"line":58},"7":{"name":"(anonymous_7)","decl":{"start":{"line":71,"column":30},"end":{"line":71,"column":31}},"loc":{"start":{"line":72,"column":10},"end":{"line":145,"column":16}},"line":72}},"branchMap":{"0":{"loc":{"start":{"line":13,"column":25},"end":{"line":13,"column":81}},"type":"cond-expr","locations":[{"start":{"line":13,"column":42},"end":{"line":13,"column":77}},{"start":{"line":13,"column":80},"end":{"line":13,"column":81}}],"line":13},"1":{"loc":{"start":{"line":23,"column":15},"end":{"line":23,"column":57}},"type":"cond-expr","locations":[{"start":{"line":23,"column":44},"end":{"line":23,"column":48}},{"start":{"line":23,"column":51},"end":{"line":23,"column":57}}],"line":23},"2":{"loc":{"start":{"line":33,"column":11},"end":{"line":35,"column":58}},"type":"cond-expr","locations":[{"start":{"line":34,"column":8},"end":{"line":34,"column":59}},{"start":{"line":35,"column":8},"end":{"line":35,"column":58}}],"line":33},"3":{"loc":{"start":{"line":50,"column":14},"end":{"line":52,"column":93}},"type":"cond-expr","locations":[{"start":{"line":51,"column":18},"end":{"line":51,"column":42}},{"start":{"line":52,"column":18},"end":{"line":52,"column":93}}],"line":50},"4":{"loc":{"start":{"line":60,"column":14},"end":{"line":62,"column":93}},"type":"cond-expr","locations":[{"start":{"line":61,"column":18},"end":{"line":61,"column":42}},{"start":{"line":62,"column":18},"end":{"line":62,"column":93}}],"line":60},"5":{"loc":{"start":{"line":94,"column":22},"end":{"line":95,"column":83}},"type":"cond-expr","locations":[{"start":{"line":94,"column":49},"end":{"line":94,"column":67}},{"start":{"line":95,"column":22},"end":{"line":95,"column":83}}],"line":94},"6":{"loc":{"start":{"line":95,"column":22},"end":{"line":95,"column":83}},"type":"cond-expr","locations":[{"start":{"line":95,"column":49},"end":{"line":95,"column":66}},{"start":{"line":95,"column":69},"end":{"line":95,"column":83}}],"line":95},"7":{"loc":{"start":{"line":103,"column":24},"end":{"line":104,"column":81}},"type":"cond-expr","locations":[{"start":{"line":103,"column":51},"end":{"line":103,"column":67}},{"start":{"line":104,"column":24},"end":{"line":104,"column":81}}],"line":103},"8":{"loc":{"start":{"line":104,"column":24},"end":{"line":104,"column":81}},"type":"cond-expr","locations":[{"start":{"line":104,"column":51},"end":{"line":104,"column":66}},{"start":{"line":104,"column":69},"end":{"line":104,"column":81}}],"line":104},"9":{"loc":{"start":{"line":132,"column":22},"end":{"line":133,"column":84}},"type":"cond-expr","locations":[{"start":{"line":132,"column":50},"end":{"line":132,"column":68}},{"start":{"line":133,"column":22},"end":{"line":133,"column":84}}],"line":132},"10":{"loc":{"start":{"line":133,"column":22},"end":{"line":133,"column":84}},"type":"cond-expr","locations":[{"start":{"line":133,"column":50},"end":{"line":133,"column":67}},{"start":{"line":133,"column":70},"end":{"line":133,"column":84}}],"line":133},"11":{"loc":{"start":{"line":139,"column":21},"end":{"line":140,"column":92}},"type":"cond-expr","locations":[{"start":{"line":139,"column":49},"end":{"line":139,"column":63}},{"start":{"line":140,"column":21},"end":{"line":140,"column":92}}],"line":139},"12":{"loc":{"start":{"line":140,"column":21},"end":{"line":140,"column":92}},"type":"cond-expr","locations":[{"start":{"line":140,"column":49},"end":{"line":140,"column":71}},{"start":{"line":140,"column":74},"end":{"line":140,"column":92}}],"line":140}},"s":{"0":0,"1":0,"2":0,"3":0,"4":0,"5":0,"6":0,"7":0,"8":0,"9":0,"10":0,"11":0,"12":0,"13":0,"14":0,"15":0,"16":0,"17":0,"18":0},"f":{"0":0,"1":0,"2":0,"3":0,"4":0,"5":0,"6":0,"7":0},"b":{"0":[0,0],"1":[0,0],"2":[0,0],"3":[0,0],"4":[0,0],"5":[0,0],"6":[0,0],"7":[0,0],"8":[0,0],"9":[0,0],"10":[0,0],"11":[0,0],"12":[0,0]}}
,"/Users/dovydasminauskas/Desktop/TF/src/components/ProjectCard.tsx": {"path":"/Users/dovydasminauskas/Desktop/TF/src/components/ProjectCard.tsx","statementMap":{"0":{"start":{"line":13,"column":38},"end":{"line":13,"column":75}},"1":{"start":{"line":14,"column":40},"end":{"line":17,"column":4}},"2":{"start":{"line":15,"column":38},"end":{"line":15,"column":89}},"3":{"start":{"line":16,"column":4},"end":{"line":16,"column":49}},"4":{"start":{"line":18,"column":28},"end":{"line":18,"column":63}},"5":{"start":{"line":19,"column":34},"end":{"line":19,"column":71}},"6":{"start":{"line":20,"column":52},"end":{"line":20,"column":67}},"7":{"start":{"line":22,"column":2},"end":{"line":45,"column":19}},"8":{"start":{"line":23,"column":4},"end":{"line":38,"column":5}},"9":{"start":{"line":24,"column":23},"end":{"line":36,"column":14}},"10":{"start":{"line":25,"column":8},"end":{"line":35,"column":11}},"11":{"start":{"line":26,"column":26},"end":{"line":26,"column":34}},"12":{"start":{"line":27,"column":32},"end":{"line":27,"column":51}},"13":{"start":{"line":28,"column":10},"end":{"line":33,"column":13}},"14":{"start":{"line":34,"column":10},"end":{"line":34,"column":25}},"15":{"start":{"line":37,"column":6},"end":{"line":37,"column":25}},"16":{"start":{"line":40,"column":4},"end":{"line":44,"column":6}},"17":{"start":{"line":41,"column":6},"end":{"line":43,"column":7}},"18":{"start":{"line":42,"column":8},"end":{"line":42,"column":29}},"19":{"start":{"line":47,"column":21},"end":{"line":52,"column":3}},"20":{"start":{"line":48,"column":16},"end":{"line":48,"column":42}},"21":{"start":{"line":49,"column":17},"end":{"line":49,"column":50}},"22":{"start":{"line":50,"column":17},"end":{"line":50,"column":29}},"23":{"start":{"line":51,"column":4},"end":{"line":51,"column":111}},"24":{"start":{"line":54,"column":24},"end":{"line":60,"column":3}},"25":{"start":{"line":55,"column":4},"end":{"line":55,"column":24}},"26":{"start":{"line":56,"column":4},"end":{"line":59,"column":7}},"27":{"start":{"line":62,"column":23},"end":{"line":74,"column":3}},"28":{"start":{"line":63,"column":4},"end":{"line":66,"column":5}},"29":{"start":{"line":64,"column":6},"end":{"line":64,"column":27}},"30":{"start":{"line":65,"column":6},"end":{"line":65,"column":21}},"31":{"start":{"line":67,"column":4},"end":{"line":67,"column":25}},"32":{"start":{"line":68,"column":4},"end":{"line":73,"column":7}},"33":{"start":{"line":76,"column":27},"end":{"line":81,"column":3}},"34":{"start":{"line":77,"column":25},"end":{"line":79,"column":5}},"35":{"start":{"line":78,"column":6},"end":{"line":78,"column":73}},"36":{"start":{"line":80,"column":4},"end":{"line":80,"column":50}},"37":{"start":{"line":83,"column":24},"end":{"line":95,"column":3}},"38":{"start":{"line":84,"column":26},"end":{"line":90,"column":5}},"39":{"start":{"line":91,"column":4},"end":{"line":94,"column":7}},"40":{"start":{"line":97,"column":22},"end":{"line":99,"column":3}},"41":{"start":{"line":98,"column":4},"end":{"line":98,"column":45}},"42":{"start":{"line":101,"column":24},"end":{"line":103,"column":3}},"43":{"start":{"line":102,"column":4},"end":{"line":102,"column":44}},"44":{"start":{"line":105,"column":28},"end":{"line":110,"column":3}},"45":{"start":{"line":106,"column":24},"end":{"line":106,"column":76}},"46":{"start":{"line":106,"column":53},"end":{"line":106,"column":75}},"47":{"start":{"line":107,"column":4},"end":{"line":107,"column":43}},"48":{"start":{"line":107,"column":34},"end":{"line":107,"column":43}},"49":{"start":{"line":108,"column":27},"end":{"line":108,"column":76}},"50":{"start":{"line":108,"column":54},"end":{"line":108,"column":68}},"51":{"start":{"line":109,"column":4},"end":{"line":109,"column":67}},"52":{"start":{"line":112,"column":25},"end":{"line":119,"column":3}},"53":{"start":{"line":113,"column":4},"end":{"line":118,"column":5}},"54":{"start":{"line":114,"column":21},"end":{"line":114,"column":45}},"55":{"start":{"line":115,"column":24},"end":{"line":115,"column":45}},"56":{"start":{"line":116,"column":22},"end":{"line":116,"column":44}},"57":{"start":{"line":117,"column":15},"end":{"line":117,"column":36}},"58":{"start":{"line":121,"column":2},"end":{"line":266,"column":4}},"59":{"start":{"line":138,"column":25},"end":{"line":138,"column":45}},"60":{"start":{"line":192,"column":27},"end":{"line":192,"column":47}},"61":{"start":{"line":202,"column":27},"end":{"line":202,"column":48}},"62":{"start":{"line":213,"column":25},"end":{"line":213,"column":65}},"63":{"start":{"line":243,"column":16},"end":{"line":259,"column":22}},"64":{"start":{"line":248,"column":35},"end":{"line":248,"column":60}}},"fnMap":{"0":{"name":"ProjectCard","decl":{"start":{"line":12,"column":16},"end":{"line":12,"column":27}},"loc":{"start":{"line":12,"column":79},"end":{"line":267,"column":1}},"line":12},"1":{"name":"(anonymous_1)","decl":{"start":{"line":14,"column":49},"end":{"line":14,"column":50}},"loc":{"start":{"line":14,"column":55},"end":{"line":17,"column":3}},"line":14},"2":{"name":"(anonymous_2)","decl":{"start":{"line":22,"column":12},"end":{"line":22,"column":13}},"loc":{"start":{"line":22,"column":18},"end":{"line":45,"column":3}},"line":22},"3":{"name":"(anonymous_3)","decl":{"start":{"line":24,"column":35},"end":{"line":24,"column":36}},"loc":{"start":{"line":24,"column":41},"end":{"line":36,"column":7}},"line":24},"4":{"name":"(anonymous_4)","decl":{"start":{"line":25,"column":23},"end":{"line":25,"column":24}},"loc":{"start":{"line":25,"column":31},"end":{"line":35,"column":9}},"line":25},"5":{"name":"(anonymous_5)","decl":{"start":{"line":40,"column":11},"end":{"line":40,"column":12}},"loc":{"start":{"line":40,"column":17},"end":{"line":44,"column":5}},"line":40},"6":{"name":"(anonymous_6)","decl":{"start":{"line":47,"column":21},"end":{"line":47,"column":22}},"loc":{"start":{"line":47,"column":50},"end":{"line":52,"column":3}},"line":47},"7":{"name":"(anonymous_7)","decl":{"start":{"line":54,"column":24},"end":{"line":54,"column":25}},"loc":{"start":{"line":54,"column":30},"end":{"line":60,"column":3}},"line":54},"8":{"name":"(anonymous_8)","decl":{"start":{"line":62,"column":23},"end":{"line":62,"column":24}},"loc":{"start":{"line":62,"column":29},"end":{"line":74,"column":3}},"line":62},"9":{"name":"(anonymous_9)","decl":{"start":{"line":76,"column":27},"end":{"line":76,"column":28}},"loc":{"start":{"line":76,"column":47},"end":{"line":81,"column":3}},"line":76},"10":{"name":"(anonymous_10)","decl":{"start":{"line":77,"column":43},"end":{"line":77,"column":44}},"loc":{"start":{"line":78,"column":6},"end":{"line":78,"column":73}},"line":78},"11":{"name":"(anonymous_11)","decl":{"start":{"line":83,"column":24},"end":{"line":83,"column":25}},"loc":{"start":{"line":83,"column":69},"end":{"line":95,"column":3}},"line":83},"12":{"name":"(anonymous_12)","decl":{"start":{"line":97,"column":43},"end":{"line":97,"column":44}},"loc":{"start":{"line":98,"column":4},"end":{"line":98,"column":45}},"line":98},"13":{"name":"(anonymous_13)","decl":{"start":{"line":101,"column":45},"end":{"line":101,"column":46}},"loc":{"start":{"line":102,"column":4},"end":{"line":102,"column":44}},"line":102},"14":{"name":"(anonymous_14)","decl":{"start":{"line":105,"column":28},"end":{"line":105,"column":29}},"loc":{"start":{"line":105,"column":34},"end":{"line":110,"column":3}},"line":105},"15":{"name":"(anonymous_15)","decl":{"start":{"line":106,"column":45},"end":{"line":106,"column":46}},"loc":{"start":{"line":106,"column":53},"end":{"line":106,"column":75}},"line":106},"16":{"name":"(anonymous_16)","decl":{"start":{"line":108,"column":46},"end":{"line":108,"column":47}},"loc":{"start":{"line":108,"column":54},"end":{"line":108,"column":68}},"line":108},"17":{"name":"(anonymous_17)","decl":{"start":{"line":112,"column":25},"end":{"line":112,"column":26}},"loc":{"start":{"line":112,"column":45},"end":{"line":119,"column":3}},"line":112},"18":{"name":"(anonymous_18)","decl":{"start":{"line":138,"column":19},"end":{"line":138,"column":20}},"loc":{"start":{"line":138,"column":25},"end":{"line":138,"column":45}},"line":138},"19":{"name":"(anonymous_19)","decl":{"start":{"line":192,"column":21},"end":{"line":192,"column":22}},"loc":{"start":{"line":192,"column":27},"end":{"line":192,"column":47}},"line":192},"20":{"name":"(anonymous_20)","decl":{"start":{"line":202,"column":21},"end":{"line":202,"column":22}},"loc":{"start":{"line":202,"column":27},"end":{"line":202,"column":48}},"line":202},"21":{"name":"(anonymous_21)","decl":{"start":{"line":213,"column":19},"end":{"line":213,"column":20}},"loc":{"start":{"line":213,"column":25},"end":{"line":213,"column":65}},"line":213},"22":{"name":"(anonymous_22)","decl":{"start":{"line":242,"column":33},"end":{"line":242,"column":34}},"loc":{"start":{"line":243,"column":16},"end":{"line":259,"column":22}},"line":243},"23":{"name":"(anonymous_23)","decl":{"start":{"line":248,"column":29},"end":{"line":248,"column":30}},"loc":{"start":{"line":248,"column":35},"end":{"line":248,"column":60}},"line":248}},"branchMap":{"0":{"loc":{"start":{"line":13,"column":47},"end":{"line":13,"column":74}},"type":"binary-expr","locations":[{"start":{"line":13,"column":47},"end":{"line":13,"column":65}},{"start":{"line":13,"column":69},"end":{"line":13,"column":74}}],"line":13},"1":{"loc":{"start":{"line":15,"column":39},"end":{"line":15,"column":65}},"type":"binary-expr","locations":[{"start":{"line":15,"column":39},"end":{"line":15,"column":51}},{"start":{"line":15,"column":55},"end":{"line":15,"column":65}}],"line":15},"2":{"loc":{"start":{"line":23,"column":4},"end":{"line":38,"column":5}},"type":"if","locations":[{"start":{"line":23,"column":4},"end":{"line":38,"column":5}},{"start":{},"end":{}}],"line":23},"3":{"loc":{"start":{"line":41,"column":6},"end":{"line":43,"column":7}},"type":"if","locations":[{"start":{"line":41,"column":6},"end":{"line":43,"column":7}},{"start":{},"end":{}}],"line":41},"4":{"loc":{"start":{"line":63,"column":4},"end":{"line":66,"column":5}},"type":"if","locations":[{"start":{"line":63,"column":4},"end":{"line":66,"column":5}},{"start":{},"end":{}}],"line":63},"5":{"loc":{"start":{"line":78,"column":6},"end":{"line":78,"column":73}},"type":"cond-expr","locations":[{"start":{"line":78,"column":27},"end":{"line":78,"column":66}},{"start":{"line":78,"column":69},"end":{"line":78,"column":73}}],"line":78},"6":{"loc":{"start":{"line":98,"column":4},"end":{"line":98,"column":45}},"type":"binary-expr","locations":[{"start":{"line":98,"column":4},"end":{"line":98,"column":26}},{"start":{"line":98,"column":30},"end":{"line":98,"column":45}}],"line":98},"7":{"loc":{"start":{"line":102,"column":4},"end":{"line":102,"column":44}},"type":"binary-expr","locations":[{"start":{"line":102,"column":4},"end":{"line":102,"column":26}},{"start":{"line":102,"column":30},"end":{"line":102,"column":44}}],"line":102},"8":{"loc":{"start":{"line":107,"column":4},"end":{"line":107,"column":43}},"type":"if","locations":[{"start":{"line":107,"column":4},"end":{"line":107,"column":43}},{"start":{},"end":{}}],"line":107},"9":{"loc":{"start":{"line":113,"column":4},"end":{"line":118,"column":5}},"type":"switch","locations":[{"start":{"line":114,"column":6},"end":{"line":114,"column":45}},{"start":{"line":115,"column":6},"end":{"line":115,"column":45}},{"start":{"line":116,"column":6},"end":{"line":116,"column":44}},{"start":{"line":117,"column":6},"end":{"line":117,"column":36}}],"line":113},"10":{"loc":{"start":{"line":155,"column":16},"end":{"line":155,"column":72}},"type":"cond-expr","locations":[{"start":{"line":155,"column":29},"end":{"line":155,"column":56}},{"start":{"line":155,"column":59},"end":{"line":155,"column":72}}],"line":155},"11":{"loc":{"start":{"line":162,"column":19},"end":{"line":162,"column":60}},"type":"cond-expr","locations":[{"start":{"line":162,"column":32},"end":{"line":162,"column":44}},{"start":{"line":162,"column":47},"end":{"line":162,"column":60}}],"line":162},"12":{"loc":{"start":{"line":164,"column":12},"end":{"line":164,"column":88}},"type":"cond-expr","locations":[{"start":{"line":164,"column":25},"end":{"line":164,"column":54}},{"start":{"line":164,"column":57},"end":{"line":164,"column":88}}],"line":164},"13":{"loc":{"start":{"line":167,"column":11},"end":{"line":167,"column":85}},"type":"cond-expr","locations":[{"start":{"line":167,"column":24},"end":{"line":167,"column":54}},{"start":{"line":167,"column":57},"end":{"line":167,"column":85}}],"line":167},"14":{"loc":{"start":{"line":194,"column":14},"end":{"line":196,"column":48}},"type":"cond-expr","locations":[{"start":{"line":195,"column":18},"end":{"line":195,"column":42}},{"start":{"line":196,"column":18},"end":{"line":196,"column":48}}],"line":194},"15":{"loc":{"start":{"line":204,"column":14},"end":{"line":206,"column":48}},"type":"cond-expr","locations":[{"start":{"line":205,"column":18},"end":{"line":205,"column":42}},{"start":{"line":206,"column":18},"end":{"line":206,"column":48}}],"line":204},"16":{"loc":{"start":{"line":215,"column":12},"end":{"line":217,"column":51}},"type":"cond-expr","locations":[{"start":{"line":216,"column":16},"end":{"line":216,"column":71}},{"start":{"line":217,"column":16},"end":{"line":217,"column":51}}],"line":215},"17":{"loc":{"start":{"line":238,"column":9},"end":{"line":263,"column":9}},"type":"binary-expr","locations":[{"start":{"line":238,"column":9},"end":{"line":238,"column":26}},{"start":{"line":238,"column":30},"end":{"line":238,"column":54}},{"start":{"line":239,"column":10},"end":{"line":262,"column":16}}],"line":238}},"s":{"0":0,"1":0,"2":0,"3":0,"4":0,"5":0,"6":0,"7":0,"8":0,"9":0,"10":0,"11":0,"12":0,"13":0,"14":0,"15":0,"16":0,"17":0,"18":0,"19":0,"20":0,"21":0,"22":0,"23":0,"24":0,"25":0,"26":0,"27":0,"28":0,"29":0,"30":0,"31":0,"32":0,"33":0,"34":0,"35":0,"36":0,"37":0,"38":0,"39":0,"40":0,"41":0,"42":0,"43":0,"44":0,"45":0,"46":0,"47":0,"48":0,"49":0,"50":0,"51":0,"52":0,"53":0,"54":0,"55":0,"56":0,"57":0,"58":0,"59":0,"60":0,"61":0,"62":0,"63":0,"64":0},"f":{"0":0,"1":0,"2":0,"3":0,"4":0,"5":0,"6":0,"7":0,"8":0,"9":0,"10":0,"11":0,"12":0,"13":0,"14":0,"15":0,"16":0,"17":0,"18":0,"19":0,"20":0,"21":0,"22":0,"23":0},"b":{"0":[0,0],"1":[0,0],"2":[0,0],"3":[0,0],"4":[0,0],"5":[0,0],"6":[0,0],"7":[0,0],"8":[0,0],"9":[0,0,0,0],"10":[0,0],"11":[0,0],"12":[0,0],"13":[0,0],"14":[0,0],"15":[0,0],"16":[0,0],"17":[0,0,0]}}
,"/Users/dovydasminauskas/Desktop/TF/src/components/Projects.tsx": {"path":"/Users/dovydasminauskas/Desktop/TF/src/components/Projects.tsx","statementMap":{"0":{"start":{"line":8,"column":56},"end":{"line":8,"column":71}},"1":{"start":{"line":9,"column":65},"end":{"line":9,"column":78}},"2":{"start":{"line":11,"column":2},"end":{"line":42,"column":4}},"3":{"start":{"line":16,"column":25},"end":{"line":16,"column":53}},"4":{"start":{"line":26,"column":10},"end":{"line":31,"column":12}},"5":{"start":{"line":37,"column":25},"end":{"line":37,"column":54}}},"fnMap":{"0":{"name":"Projects","decl":{"start":{"line":7,"column":16},"end":{"line":7,"column":24}},"loc":{"start":{"line":7,"column":27},"end":{"line":43,"column":1}},"line":7},"1":{"name":"(anonymous_1)","decl":{"start":{"line":16,"column":19},"end":{"line":16,"column":20}},"loc":{"start":{"line":16,"column":25},"end":{"line":16,"column":53}},"line":16},"2":{"name":"(anonymous_2)","decl":{"start":{"line":25,"column":22},"end":{"line":25,"column":23}},"loc":{"start":{"line":26,"column":10},"end":{"line":31,"column":12}},"line":26},"3":{"name":"(anonymous_3)","decl":{"start":{"line":37,"column":19},"end":{"line":37,"column":20}},"loc":{"start":{"line":37,"column":25},"end":{"line":37,"column":54}},"line":37}},"branchMap":{"0":{"loc":{"start":{"line":35,"column":7},"end":{"line":40,"column":7}},"type":"binary-expr","locations":[{"start":{"line":35,"column":7},"end":{"line":35,"column":26}},{"start":{"line":36,"column":8},"end":{"line":39,"column":10}}],"line":35}},"s":{"0":0,"1":0,"2":0,"3":0,"4":0,"5":0},"f":{"0":0,"1":0,"2":0,"3":0},"b":{"0":[0,0]}}
[...]
,"/Users/dovydasminauskas/Desktop/TF/src/hooks/useSettings.tsx": {"path":"/Users/dovydasminauskas/Desktop/TF/src/hooks/useSettings.tsx","statementMap":{"0":{"start":{"line":4,"column":37},"end":{"line":10,"column":1}},"1":{"start":{"line":12,"column":24},"end":{"line":18,"column":2}},"2":{"start":{"line":21,"column":34},"end":{"line":21,"column":72}},"3":{"start":{"line":23,"column":2},"end":{"line":28,"column":9}},"4":{"start":{"line":24,"column":26},"end":{"line":24,"column":61}},"5":{"start":{"line":25,"column":4},"end":{"line":27,"column":5}},"6":{"start":{"line":26,"column":6},"end":{"line":26,"column":45}},"7":{"start":{"line":30,"column":25},"end":{"line":34,"column":3}},"8":{"start":{"line":31,"column":20},"end":{"line":31,"column":51}},"9":{"start":{"line":32,"column":4},"end":{"line":32,"column":25}},"10":{"start":{"line":33,"column":4},"end":{"line":33,"column":65}},"11":{"start":{"line":36,"column":2},"end":{"line":40,"column":4}},"12":{"start":{"line":43,"column":27},"end":{"line":43,"column":60}},"13":{"start":{"line":43,"column":33},"end":{"line":43,"column":60}}},"fnMap":{"0":{"name":"(anonymous_0)","decl":{"start":{"line":17,"column":18},"end":{"line":17,"column":19}},"loc":{"start":{"line":17,"column":24},"end":{"line":17,"column":26}},"line":17},"1":{"name":"SettingsProvider","decl":{"start":{"line":20,"column":16},"end":{"line":20,"column":32}},"loc":{"start":{"line":20,"column":78},"end":{"line":41,"column":1}},"line":20},"2":{"name":"(anonymous_2)","decl":{"start":{"line":23,"column":12},"end":{"line":23,"column":13}},"loc":{"start":{"line":23,"column":18},"end":{"line":28,"column":3}},"line":23},"3":{"name":"(anonymous_3)","decl":{"start":{"line":30,"column":25},"end":{"line":30,"column":26}},"loc":{"start":{"line":30,"column":64},"end":{"line":34,"column":3}},"line":30},"4":{"name":"(anonymous_4)","decl":{"start":{"line":43,"column":27},"end":{"line":43,"column":28}},"loc":{"start":{"line":43,"column":33},"end":{"line":43,"column":60}},"line":43}},"branchMap":{"0":{"loc":{"start":{"line":25,"column":4},"end":{"line":27,"column":5}},"type":"if","locations":[{"start":{"line":25,"column":4},"end":{"line":27,"column":5}},{"start":{},"end":{}}],"line":25}},"s":{"0":0,"1":0,"2":0,"3":0,"4":0,"5":0,"6":0,"7":0,"8":0,"9":0,"10":0,"11":0,"12":0,"13":0},"f":{"0":0,"1":0,"2":0,"3":0,"4":0},"b":{"0":[0,0]}}
,"/Users/dovydasminauskas/Desktop/TF/src/services/systemIntegration.ts": {"path":"/Users/dovydasminauskas/Desktop/TF/src/services/systemIntegration.ts","statementMap":{"0":{"start":{"line":9,"column":4},"end":{"line":9,"column":32}},"1":{"start":{"line":10,"column":4},"end":{"line":10,"column":32}},"2":{"start":{"line":14,"column":4},"end":{"line":16,"column":5}},"3":{"start":{"line":15,"column":6},"end":{"line":15,"column":59}},"4":{"start":{"line":17,"column":4},"end":{"line":17,"column":38}},"5":{"start":{"line":21,"column":4},"end":{"line":30,"column":5}},"6":{"start":{"line":24,"column":41},"end":{"line":24,"column":70}},"7":{"start":{"line":25,"column":28},"end":{"line":25,"column":58}},"8":{"start":{"line":26,"column":6},"end":{"line":26,"column":50}},"9":{"start":{"line":28,"column":6},"end":{"line":28,"column":71}},"10":{"start":{"line":29,"column":6},"end":{"line":29,"column":22}},"11":{"start":{"line":34,"column":4},"end":{"line":72,"column":5}},"12":{"start":{"line":37,"column":24},"end":{"line":37,"column":45}},"13":{"start":{"line":38,"column":28},"end":{"line":38,"column":45}},"14":{"start":{"line":40,"column":26},"end":{"line":40,"column":36}},"15":{"start":{"line":41,"column":40},"end":{"line":41,"column":42}},"16":{"start":{"line":44,"column":6},"end":{"line":65,"column":7}},"17":{"start":{"line":45,"column":24},"end":{"line":45,"column":48}},"18":{"start":{"line":46,"column":8},"end":{"line":64,"column":9}},"19":{"start":{"line":48,"column":26},"end":{"line":51,"column":11}},"20":{"start":{"line":53,"column":27},"end":{"line":53,"column":84}},"21":{"start":{"line":54,"column":10},"end":{"line":54,"column":39}},"22":{"start":{"line":56,"column":10},"end":{"line":56,"column":48}},"23":{"start":{"line":58,"column":10},"end":{"line":63,"column":13}},"24":{"start":{"line":67,"column":6},"end":{"line":67,"column":35}},"25":{"start":{"line":68,"column":6},"end":{"line":68,"column":23}},"26":{"start":{"line":70,"column":6},"end":{"line":70,"column":55}},"27":{"start":{"line":71,"column":6},"end":{"line":71,"column":16}},"28":{"start":{"line":76,"column":25},"end":{"line":80,"column":5}},"29":{"start":{"line":81,"column":4},"end":{"line":81,"column":59}},"30":{"start":{"line":81,"column":36},"end":{"line":81,"column":57}},"31":{"start":{"line":85,"column":47},"end":{"line":89,"column":5}},"32":{"start":{"line":90,"column":4},"end":{"line":90,"column":34}},"33":{"start":{"line":94,"column":4},"end":{"line":104,"column":5}},"34":{"start":{"line":96,"column":6},"end":{"line":99,"column":7}},"35":{"start":{"line":97,"column":27},"end":{"line":97,"column":65}},"36":{"start":{"line":98,"column":8},"end":{"line":98,"column":50}},"37":{"start":{"line":100,"column":6},"end":{"line":100,"column":22}},"38":{"start":{"line":102,"column":6},"end":{"line":102,"column":72}},"39":{"start":{"line":103,"column":6},"end":{"line":103,"column":22}},"40":{"start":{"line":108,"column":4},"end":{"line":111,"column":7}},"41":{"start":{"line":115,"column":33},"end":{"line":115,"column":64}}},"fnMap":{"0":{"name":"(anonymous_0)","decl":{"start":{"line":8,"column":2},"end":{"line":8,"column":3}},"loc":{"start":{"line":8,"column":24},"end":{"line":11,"column":3}},"line":8},"1":{"name":"(anonymous_1)","decl":{"start":{"line":13,"column":2},"end":{"line":13,"column":3}},"loc":{"start":{"line":13,"column":42},"end":{"line":18,"column":3}},"line":13},"2":{"name":"(anonymous_2)","decl":{"start":{"line":20,"column":2},"end":{"line":20,"column":3}},"loc":{"start":{"line":20,"column":69},"end":{"line":31,"column":3}},"line":20},"3":{"name":"(anonymous_3)","decl":{"start":{"line":33,"column":2},"end":{"line":33,"column":3}},"loc":{"start":{"line":33,"column":47},"end":{"line":73,"column":3}},"line":33},"4":{"name":"(anonymous_4)","decl":{"start":{"line":75,"column":2},"end":{"line":75,"column":3}},"loc":{"start":{"line":75,"column":50},"end":{"line":82,"column":3}},"line":75},"5":{"name":"(anonymous_5)","decl":{"start":{"line":81,"column":29},"end":{"line":81,"column":30}},"loc":{"start":{"line":81,"column":36},"end":{"line":81,"column":57}},"line":81},"6":{"name":"(anonymous_6)","decl":{"start":{"line":84,"column":2},"end":{"line":84,"column":3}},"loc":{"start":{"line":84,"column":46},"end":{"line":91,"column":3}},"line":84},"7":{"name":"(anonymous_7)","decl":{"start":{"line":93,"column":2},"end":{"line":93,"column":3}},"loc":{"start":{"line":93,"column":71},"end":{"line":105,"column":3}},"line":93},"8":{"name":"(anonymous_8)","decl":{"start":{"line":107,"column":2},"end":{"line":107,"column":3}},"loc":{"start":{"line":107,"column":78},"end":{"line":112,"column":3}},"line":107}},"branchMap":{"0":{"loc":{"start":{"line":14,"column":4},"end":{"line":16,"column":5}},"type":"if","locations":[{"start":{"line":14,"column":4},"end":{"line":16,"column":5}},{"start":{},"end":{}}],"line":14},"1":{"loc":{"start":{"line":26,"column":13},"end":{"line":26,"column":49}},"type":"cond-expr","locations":[{"start":{"line":26,"column":29},"end":{"line":26,"column":38}},{"start":{"line":26,"column":41},"end":{"line":26,"column":49}}],"line":26},"2":{"loc":{"start":{"line":44,"column":6},"end":{"line":65,"column":7}},"type":"if","locations":[{"start":{"line":44,"column":6},"end":{"line":65,"column":7}},{"start":{},"end":{}}],"line":44},"3":{"loc":{"start":{"line":46,"column":8},"end":{"line":64,"column":9}},"type":"if","locations":[{"start":{"line":46,"column":8},"end":{"line":64,"column":9}},{"start":{},"end":{}}],"line":46},"4":{"loc":{"start":{"line":48,"column":26},"end":{"line":51,"column":11}},"type":"binary-expr","locations":[{"start":{"line":48,"column":26},"end":{"line":48,"column":54}},{"start":{"line":48,"column":58},"end":{"line":51,"column":11}}],"line":48},"5":{"loc":{"start":{"line":90,"column":11},"end":{"line":90,"column":33}},"type":"binary-expr","locations":[{"start":{"line":90,"column":11},"end":{"line":90,"column":27}},{"start":{"line":90,"column":31},"end":{"line":90,"column":33}}],"line":90},"6":{"loc":{"start":{"line":96,"column":6},"end":{"line":99,"column":7}},"type":"if","locations":[{"start":{"line":96,"column":6},"end":{"line":99,"column":7}},{"start":{},"end":{}}],"line":96}},"s":{"0":0,"1":0,"2":0,"3":0,"4":0,"5":0,"6":0,"7":0,"8":0,"9":0,"10":0,"11":0,"12":0,"13":0,"14":0,"15":0,"16":0,"17":0,"18":0,"19":0,"20":0,"21":0,"22":0,"23":0,"24":0,"25":0,"26":0,"27":0,"28":0,"29":0,"30":0,"31":0,"32":0,"33":0,"34":0,"35":0,"36":0,"37":0,"38":0,"39":0,"40":0,"41":0},"f":{"0":0,"1":0,"2":0,"3":0,"4":0,"5":0,"6":0,"7":0,"8":0},"b":{"0":[0,0],"1":[0,0],"2":[0,0],"3":[0,0],"4":[0,0],"5":[0,0],"6":[0,0]}}
,"/Users/dovydasminauskas/Desktop/TF/src/test/globals.d.ts": {"path":"/Users/dovydasminauskas/Desktop/TF/src/test/globals.d.ts","statementMap":{},"fnMap":{},"branchMap":{},"s":{},"f":{},"b":{}}
,"/Users/dovydasminauskas/Desktop/TF/src/test/realTimeTest.ts": {"path":"/Users/dovydasminauskas/Desktop/TF/src/test/realTimeTest.ts","statementMap":{"0":{"start":{"line":3,"column":24},"end":{"line":7,"column":1}},"1":{"start":{"line":10,"column":2},"end":{"line":10,"column":59}},"2":{"start":{"line":13,"column":2},"end":{"line":13,"column":54}},"3":{"start":{"line":14,"column":21},"end":{"line":14,"column":74}},"4":{"start":{"line":16,"column":2},"end":{"line":19,"column":3}},"5":{"start":{"line":17,"column":4},"end":{"line":17,"column":91}},"6":{"start":{"line":18,"column":4},"end":{"line":18,"column":11}},"7":{"start":{"line":20,"column":2},"end":{"line":20,"column":52}},"8":{"start":{"line":23,"column":2},"end":{"line":23,"column":44}},"9":{"start":{"line":24,"column":2},"end":{"line":24,"column":52}},"10":{"start":{"line":25,"column":2},"end":{"line":25,"column":58}},"11":{"start":{"line":25,"column":33},"end":{"line":25,"column":56}},"12":{"start":{"line":26,"column":2},"end":{"line":26,"column":49}},"13":{"start":{"line":28,"column":19},"end":{"line":50,"column":10}},"14":{"start":{"line":29,"column":4},"end":{"line":49,"column":5}},"15":{"start":{"line":30,"column":20},"end":{"line":30,"column":57}},"16":{"start":{"line":31,"column":6},"end":{"line":31,"column":22}},"17":{"start":{"line":32,"column":6},"end":{"line":32,"column":42}},"18":{"start":{"line":34,"column":6},"end":{"line":46,"column":7}},"19":{"start":{"line":35,"column":8},"end":{"line":35,"column":58}},"20":{"start":{"line":37,"column":8},"end":{"line":45,"column":11}},"21":{"start":{"line":38,"column":24},"end":{"line":38,"column":55}},"22":{"start":{"line":39,"column":26},"end":{"line":39,"column":64}},"23":{"start":{"line":40,"column":26},"end":{"line":40,"column":55}},"24":{"start":{"line":42,"column":10},"end":{"line":42,"column":41}},"25":{"start":{"line":43,"column":10},"end":{"line":43,"column":73}},"26":{"start":{"line":44,"column":10},"end":{"line":44,"column":84}},"27":{"start":{"line":48,"column":6},"end":{"line":48,"column":55}},"28":{"start":{"line":53,"column":2},"end":{"line":56,"column":20}},"29":{"start":{"line":54,"column":4},"end":{"line":54,"column":30}},"30":{"start":{"line":55,"column":4},"end":{"line":55,"column":94}},"31":{"start":{"line":60,"column":0},"end":{"line":60,"column":47}}},"fnMap":{"0":{"name":"testRealTimeAppTracking","decl":{"start":{"line":9,"column":15},"end":{"line":9,"column":38}},"loc":{"start":{"line":9,"column":41},"end":{"line":57,"column":1}},"line":9},"1":{"name":"(anonymous_1)","decl":{"start":{"line":25,"column":26},"end":{"line":25,"column":27}},"loc":{"start":{"line":25,"column":33},"end":{"line":25,"column":56}},"line":25},"2":{"name":"(anonymous_2)","decl":{"start":{"line":28,"column":31},"end":{"line":28,"column":32}},"loc":{"start":{"line":28,"column":43},"end":{"line":50,"column":3}},"line":28},"3":{"name":"(anonymous_3)","decl":{"start":{"line":37,"column":22},"end":{"line":37,"column":23}},"loc":{"start":{"line":37,"column":29},"end":{"line":45,"column":9}},"line":37},"4":{"name":"(anonymous_4)","decl":{"start":{"line":53,"column":13},"end":{"line":53,"column":14}},"loc":{"start":{"line":53,"column":19},"end":{"line":56,"column":3}},"line":53}},"branchMap":{"0":{"loc":{"start":{"line":16,"column":2},"end":{"line":19,"column":3}},"type":"if","locations":[{"start":{"line":16,"column":2},"end":{"line":19,"column":3}},{"start":{},"end":{}}],"line":16},"1":{"loc":{"start":{"line":34,"column":6},"end":{"line":46,"column":7}},"type":"if","locations":[{"start":{"line":34,"column":6},"end":{"line":46,"column":7}},{"start":{"line":36,"column":13},"end":{"line":46,"column":7}}],"line":34}},"s":{"0":0,"1":0,"2":0,"3":0,"4":0,"5":0,"6":0,"7":0,"8":0,"9":0,"10":0,"11":0,"12":0,"13":0,"14":0,"15":0,"16":0,"17":0,"18":0,"19":0,"20":0,"21":0,"22":0,"23":0,"24":0,"25":0,"26":0,"27":0,"28":0,"29":0,"30":0,"31":0},"f":{"0":0,"1":0,"2":0,"3":0,"4":0},"b":{"0":[0,0],"1":[0,0]}}
,"/Users/dovydasminauskas/Desktop/TF/src/test/setup.ts": {"path":"/Users/dovydasminauskas/Desktop/TF/src/test/setup.ts","statementMap":{"0":{"start":{"line":6,"column":0},"end":{"line":14,"column":2}},"1":{"start":{"line":18,"column":46},"end":{"line":18,"column":55}},"2":{"start":{"line":19,"column":29},"end":{"line":19,"column":67}},"3":{"start":{"line":22,"column":21},"end":{"line":22,"column":30}},"4":{"start":{"line":23,"column":24},"end":{"line":23,"column":33}},"5":{"start":{"line":24,"column":10},"end":{"line":24,"column":19}},"6":{"start":{"line":28,"column":0},"end":{"line":32,"column":3}},"7":{"start":{"line":35,"column":0},"end":{"line":38,"column":3}},"8":{"start":{"line":36,"column":2},"end":{"line":36,"column":23}},"9":{"start":{"line":37,"column":2},"end":{"line":37,"column":24}}},"fnMap":{"0":{"name":"(anonymous_0)","decl":{"start":{"line":21,"column":2},"end":{"line":21,"column":3}},"loc":{"start":{"line":21,"column":74},"end":{"line":21,"column":76}},"line":21},"1":{"name":"(anonymous_1)","decl":{"start":{"line":35,"column":10},"end":{"line":35,"column":11}},"loc":{"start":{"line":35,"column":16},"end":{"line":38,"column":1}},"line":35}},"branchMap":{},"s":{"0":0,"1":0,"2":0,"3":0,"4":0,"5":0,"6":0,"7":0,"8":0,"9":0},"f":{"0":0,"1":0},"b":{}}
,"/Users/dovydasminauskas/Desktop/TF/src/types/global.d.ts": {"path":"/Users/dovydasminauskas/Desktop/TF/src/types/global.d.ts","statementMap":{},"fnMap":{},"branchMap":{},"s":{},"f":{},"b":{}}
,"/Users/dovydasminauskas/Desktop/TF/src/types/global.ts": {"path":"/Users/dovydasminauskas/Desktop/TF/src/types/global.ts","statementMap":{},"fnMap":{},"branchMap":{},"s":{},"f":{},"b":{}}
,"/Users/dovydasminauskas/Desktop/TF/src/types/index.ts": {"path":"/Users/dovydasminauskas/Desktop/TF/src/types/index.ts","statementMap":{},"fnMap":{},"branchMap":{},"s":{},"f":{},"b":{}}
,"/Users/dovydasminauskas/Desktop/TF/src/utils/systemPermissions.ts": {"path":"/Users/dovydasminauskas/Desktop/TF/src/utils/systemPermissions.ts","statementMap":{"0":{"start":{"line":1,"column":36},"end":{"line":17,"column":2}},"1":{"start":{"line":1,"column":43},"end":{"line":17,"column":1}},"2":{"start":{"line":3,"column":4},"end":{"line":3,"column":50}},"3":{"start":{"line":9,"column":4},"end":{"line":9,"column":40}},"4":{"start":{"line":15,"column":4},"end":{"line":15,"column":14}}},"fnMap":{"0":{"name":"(anonymous_0)","decl":{"start":{"line":1,"column":36},"end":{"line":1,"column":37}},"loc":{"start":{"line":1,"column":43},"end":{"line":17,"column":1}},"line":1},"1":{"name":"(anonymous_1)","decl":{"start":{"line":2,"column":33},"end":{"line":2,"column":34}},"loc":{"start":{"line":2,"column":45},"end":{"line":4,"column":3}},"line":2},"2":{"name":"(anonymous_2)","decl":{"start":{"line":6,"column":31},"end":{"line":6,"column":32}},"loc":{"start":{"line":6,"column":43},"end":{"line":10,"column":3}},"line":6},"3":{"name":"(anonymous_3)","decl":{"start":{"line":12,"column":19},"end":{"line":12,"column":20}},"loc":{"start":{"line":12,"column":31},"end":{"line":16,"column":3}},"line":12}},"branchMap":{},"s":{"0":0,"1":0,"2":0,"3":0,"4":0},"f":{"0":0,"1":0,"2":0,"3":0},"b":{}}
,"/Users/dovydasminauskas/Desktop/TF/src/utils/testUtils.tsx": {"path":"/Users/dovydasminauskas/Desktop/TF/src/utils/testUtils.tsx","statementMap":{"0":{"start":{"line":28,"column":34},"end":{"line":38,"column":1}},"1":{"start":{"line":40,"column":40},"end":{"line":45,"column":1}},"2":{"start":{"line":47,"column":48},"end":{"line":60,"column":1}},"3":{"start":{"line":69,"column":37},"end":{"line":76,"column":2}},"4":{"start":{"line":69,"column":63},"end":{"line":76,"column":1}},"5":{"start":{"line":70,"column":45},"end":{"line":70,"column":80}},"6":{"start":{"line":71,"column":43},"end":{"line":71,"column":71}},"7":{"start":{"line":72,"column":32},"end":{"line":75,"column":3}},"8":{"start":{"line":79,"column":35},"end":{"line":94,"column":1}},"9":{"start":{"line":100,"column":34},"end":{"line":113,"column":1}},"10":{"start":{"line":104,"column":16},"end":{"line":106,"column":25}},"11":{"start":{"line":108,"column":2},"end":{"line":112,"column":4}}},"fnMap":{"0":{"name":"(anonymous_0)","decl":{"start":{"line":69,"column":37},"end":{"line":69,"column":38}},"loc":{"start":{"line":69,"column":63},"end":{"line":76,"column":1}},"line":69},"1":{"name":"(anonymous_1)","decl":{"start":{"line":70,"column":33},"end":{"line":70,"column":34}},"loc":{"start":{"line":70,"column":45},"end":{"line":70,"column":80}},"line":70},"2":{"name":"(anonymous_2)","decl":{"start":{"line":71,"column":31},"end":{"line":71,"column":32}},"loc":{"start":{"line":71,"column":43},"end":{"line":71,"column":71}},"line":71},"3":{"name":"(anonymous_3)","decl":{"start":{"line":72,"column":19},"end":{"line":72,"column":20}},"loc":{"start":{"line":72,"column":32},"end":{"line":75,"column":3}},"line":72},"4":{"name":"(anonymous_4)","decl":{"start":{"line":100,"column":34},"end":{"line":100,"column":35}},"loc":{"start":{"line":103,"column":5},"end":{"line":113,"column":1}},"line":103}},"branchMap":{"0":{"loc":{"start":{"line":104,"column":16},"end":{"line":106,"column":25}},"type":"cond-expr","locations":[{"start":{"line":105,"column":6},"end":{"line":105,"column":57}},{"start":{"line":106,"column":6},"end":{"line":106,"column":25}}],"line":104}},"s":{"0":0,"1":0,"2":0,"3":0,"4":0,"5":0,"6":0,"7":0,"8":0,"9":0,"10":0,"11":0},"f":{"0":0,"1":0,"2":0,"3":0,"4":0},"b":{"0":[0,0]}}
,"/Users/dovydasminauskas/Desktop/TF/src/utils/timeUtils.ts": {"path":"/Users/dovydasminauskas/Desktop/TF/src/utils/timeUtils.ts","statementMap":{"0":{"start":{"line":1,"column":30},"end":{"line":9,"column":1}},"1":{"start":{"line":2,"column":16},"end":{"line":2,"column":42}},"2":{"start":{"line":3,"column":18},"end":{"line":3,"column":51}},"3":{"start":{"line":5,"column":2},"end":{"line":7,"column":3}},"4":{"start":{"line":6,"column":4},"end":{"line":6,"column":59}},"5":{"start":{"line":8,"column":2},"end":{"line":8,"column":23}}},"fnMap":{"0":{"name":"(anonymous_0)","decl":{"start":{"line":1,"column":30},"end":{"line":1,"column":31}},"loc":{"start":{"line":1,"column":59},"end":{"line":9,"column":1}},"line":1}},"branchMap":{"0":{"loc":{"start":{"line":5,"column":2},"end":{"line":7,"column":3}},"type":"if","locations":[{"start":{"line":5,"column":2},"end":{"line":7,"column":3}},{"start":{},"end":{}}],"line":5},"1":{"loc":{"start":{"line":6,"column":23},"end":{"line":6,"column":56}},"type":"cond-expr","locations":[{"start":{"line":6,"column":37},"end":{"line":6,"column":51}},{"start":{"line":6,"column":54},"end":{"line":6,"column":56}}],"line":6}},"s":{"0":0,"1":0,"2":0,"3":0,"4":0,"5":0},"f":{"0":0},"b":{"0":[0,0],"1":[0,0]}}
}
